<?xml version="1.0" encoding="UTF-8"?>
<!-- Generated by org.testng.reporters.JUnitXMLReporter -->
<testsuite ignored="0" hostname="DESKTOP-EKIHJ54" failures="22" tests="322" name="Surefire test" time="409.894" errors="0" timestamp="2023-11-08T17:50:20 MSK">
  <testcase classname="AutoTest.ApplicationTest" name="getChangeRequestGuid" time="2.9">
    <failure type="java.lang.AssertionError" message="1 expectation failed.
Response body doesn&amp;apos;t match expectation.
Expected: The content to match the given JSON schema.
error: string &amp;quot;&amp;quot; is too short (length: 0, required minimum: 1)
    level: &amp;quot;error&amp;quot;
    schema: {&amp;quot;loadingURI&amp;quot;:&amp;quot;file:/C:/Users/Sasha/Api/target/test-classes/getChangeRequest.json#&amp;quot;,&amp;quot;pointer&amp;quot;:&amp;quot;/properties/data/properties/code&amp;quot;}
    instance: {&amp;quot;pointer&amp;quot;:&amp;quot;/data/code&amp;quot;}
    domain: &amp;quot;validation&amp;quot;
    keyword: &amp;quot;minLength&amp;quot;
    value: &amp;quot;&amp;quot;
    found: 0
    minLength: 1
error: string &amp;quot;&amp;quot; is too short (length: 0, required minimum: 1)
    level: &amp;quot;error&amp;quot;
    schema: {&amp;quot;loadingURI&amp;quot;:&amp;quot;file:/C:/Users/Sasha/Api/target/test-classes/getChangeRequest.json#&amp;quot;,&amp;quot;pointer&amp;quot;:&amp;quot;/properties/data/properties/codeEOP&amp;quot;}
    instance: {&amp;quot;pointer&amp;quot;:&amp;quot;/data/codeEOP&amp;quot;}
    domain: &amp;quot;validation&amp;quot;
    keyword: &amp;quot;minLength&amp;quot;
    value: &amp;quot;&amp;quot;
    found: 0
    minLength: 1
error: string &amp;quot;&amp;quot; is too short (length: 0, required minimum: 1)
    level: &amp;quot;error&amp;quot;
    schema: {&amp;quot;loadingURI&amp;quot;:&amp;quot;file:/C:/Users/Sasha/Api/target/test-classes/getChangeRequest.json#&amp;quot;,&amp;quot;pointer&amp;quot;:&amp;quot;/properties/data/properties/codeUC&amp;quot;}
    instance: {&amp;quot;pointer&amp;quot;:&amp;quot;/data/codeUC&amp;quot;}
    domain: &amp;quot;validation&amp;quot;
    keyword: &amp;quot;minLength&amp;quot;
    value: &amp;quot;&amp;quot;
    found: 0
    minLength: 1
error: string &amp;quot;&amp;quot; is too short (length: 0, required minimum: 1)
    level: &amp;quot;error&amp;quot;
    schema: {&amp;quot;loadingURI&amp;quot;:&amp;quot;file:/C:/Users/Sasha/Api/target/test-classes/getChangeRequest.json#&amp;quot;,&amp;quot;pointer&amp;quot;:&amp;quot;/properties/data/properties/image&amp;quot;}
    instance: {&amp;quot;pointer&amp;quot;:&amp;quot;/data/image&amp;quot;}
    domain: &amp;quot;validation&amp;quot;
    keyword: &amp;quot;minLength&amp;quot;
    value: &amp;quot;&amp;quot;
    found: 0
    minLength: 1
error: string &amp;quot;&amp;quot; is too short (length: 0, required minimum: 1)
    level: &amp;quot;error&amp;quot;
    schema: {&amp;quot;loadingURI&amp;quot;:&amp;quot;file:/C:/Users/Sasha/Api/target/test-classes/getChangeRequest.json#&amp;quot;,&amp;quot;pointer&amp;quot;:&amp;quot;/properties/data/properties/material&amp;quot;}
    instance: {&amp;quot;pointer&amp;quot;:&amp;quot;/data/material&amp;quot;}
    domain: &amp;quot;validation&amp;quot;
    keyword: &amp;quot;minLength&amp;quot;
    value: &amp;quot;&amp;quot;
    found: 0
    minLength: 1
error: string &amp;quot;&amp;quot; is too short (length: 0, required minimum: 1)
    level: &amp;quot;error&amp;quot;
    schema: {&amp;quot;loadingURI&amp;quot;:&amp;quot;file:/C:/Users/Sasha/Api/target/test-classes/getChangeRequest.json#&amp;quot;,&amp;quot;pointer&amp;quot;:&amp;quot;/properties/data/properties/name&amp;quot;}
    instance: {&amp;quot;pointer&amp;quot;:&amp;quot;/data/name&amp;quot;}
    domain: &amp;quot;validation&amp;quot;
    keyword: &amp;quot;minLength&amp;quot;
    value: &amp;quot;&amp;quot;
    found: 0
    minLength: 1
error: string &amp;quot;&amp;quot; is too short (length: 0, required minimum: 1)
    level: &amp;quot;error&amp;quot;
    schema: {&amp;quot;loadingURI&amp;quot;:&amp;quot;file:/C:/Users/Sasha/Api/target/test-classes/getChangeRequest.json#&amp;quot;,&amp;quot;pointer&amp;quot;:&amp;quot;/properties/data/properties/nameFull&amp;quot;}
    instance: {&amp;quot;pointer&amp;quot;:&amp;quot;/data/nameFull&amp;quot;}
    domain: &amp;quot;validation&amp;quot;
    keyword: &amp;quot;minLength&amp;quot;
    value: &amp;quot;&amp;quot;
    found: 0
    minLength: 1
error: string &amp;quot;&amp;quot; is too short (length: 0, required minimum: 36)
    level: &amp;quot;error&amp;quot;
    schema: {&amp;quot;loadingURI&amp;quot;:&amp;quot;file:/C:/Users/Sasha/Api/target/test-classes/getChangeRequest.json#&amp;quot;,&amp;quot;pointer&amp;quot;:&amp;quot;/properties/data/properties/referencePosition&amp;quot;}
    instance: {&amp;quot;pointer&amp;quot;:&amp;quot;/data/referencePosition&amp;quot;}
    domain: &amp;quot;validation&amp;quot;
    keyword: &amp;quot;minLength&amp;quot;
    value: &amp;quot;&amp;quot;
    found: 0
    minLength: 36
error: instance value (0) not found in enum (possible values: [1,2,3,5])
    level: &amp;quot;error&amp;quot;
    schema: {&amp;quot;loadingURI&amp;quot;:&amp;quot;file:/C:/Users/Sasha/Api/target/test-classes/getChangeRequest.json#&amp;quot;,&amp;quot;pointer&amp;quot;:&amp;quot;/properties/data/properties/seriality&amp;quot;}
    instance: {&amp;quot;pointer&amp;quot;:&amp;quot;/data/seriality&amp;quot;}
    domain: &amp;quot;validation&amp;quot;
    keyword: &amp;quot;enum&amp;quot;
    value: 0
    enum: [1,2,3,5]
error: string &amp;quot;&amp;quot; is too short (length: 0, required minimum: 1)
    level: &amp;quot;error&amp;quot;
    schema: {&amp;quot;loadingURI&amp;quot;:&amp;quot;file:/C:/Users/Sasha/Api/target/test-classes/getChangeRequest.json#&amp;quot;,&amp;quot;pointer&amp;quot;:&amp;quot;/properties/data/properties/sortament&amp;quot;}
    instance: {&amp;quot;pointer&amp;quot;:&amp;quot;/data/sortament&amp;quot;}
    domain: &amp;quot;validation&amp;quot;
    keyword: &amp;quot;minLength&amp;quot;
    value: &amp;quot;&amp;quot;
    found: 0
    minLength: 1
error: string &amp;quot;&amp;quot; is too short (length: 0, required minimum: 1)
    level: &amp;quot;error&amp;quot;
    schema: {&amp;quot;loadingURI&amp;quot;:&amp;quot;file:/C:/Users/Sasha/Api/target/test-classes/getChangeRequest.json#&amp;quot;,&amp;quot;pointer&amp;quot;:&amp;quot;/properties/data/properties/sortamentGOST&amp;quot;}
    instance: {&amp;quot;pointer&amp;quot;:&amp;quot;/data/sortamentGOST&amp;quot;}
    domain: &amp;quot;validation&amp;quot;
    keyword: &amp;quot;minLength&amp;quot;
    value: &amp;quot;&amp;quot;
    found: 0
    minLength: 1

  Actual: {
&amp;quot;guid&amp;quot;: &amp;quot;31c9ca2a-b120-41f8-aa86-8cffb2627492&amp;quot;,
&amp;quot;be&amp;quot;: &amp;quot;&amp;quot;,
&amp;quot;status&amp;quot;: 5,
&amp;quot;code&amp;quot;: &amp;quot;000000014&amp;quot;,
&amp;quot;autor&amp;quot;: {
&amp;quot;fio&amp;quot;: &amp;quot;&amp;quot;,
&amp;quot;email&amp;quot;: &amp;quot;&amp;quot;
},
&amp;quot;responsible&amp;quot;: {
&amp;quot;fio&amp;quot;: &amp;quot;&amp;quot;,
&amp;quot;email&amp;quot;: &amp;quot;&amp;quot;
},
&amp;quot;date&amp;quot;: &amp;quot;2023-07-25T15:22:04&amp;quot;,
&amp;quot;periodExecution&amp;quot;: &amp;quot;2023-07-25T15:28:04&amp;quot;,
&amp;quot;comment&amp;quot;: &amp;quot;&amp;quot;,
&amp;quot;data&amp;quot;: {
&amp;quot;guid&amp;quot;: &amp;quot;00000000-0000-0000-0000-000000000000&amp;quot;,
&amp;quot;code&amp;quot;: &amp;quot;&amp;quot;,
&amp;quot;name&amp;quot;: &amp;quot;&amp;quot;,
&amp;quot;comment&amp;quot;: &amp;quot;&amp;quot;,
&amp;quot;archive&amp;quot;: false,
&amp;quot;dateOutputArchive&amp;quot;: &amp;quot;0001-01-01T00:00:00&amp;quot;,
&amp;quot;nameFull&amp;quot;: &amp;quot;&amp;quot;,
&amp;quot;namePurchasing&amp;quot;: &amp;quot;&amp;quot;,
&amp;quot;nameSale&amp;quot;: &amp;quot;&amp;quot;,
&amp;quot;baseUnit&amp;quot;: &amp;quot;00000000-0000-0000-0000-000000000000&amp;quot;,
&amp;quot;baseUnitCode&amp;quot;: 0,
&amp;quot;materialGOST&amp;quot;: &amp;quot;&amp;quot;,
&amp;quot;tnved&amp;quot;: &amp;quot;00000000-0000-0000-0000-000000000000&amp;quot;,
&amp;quot;okved&amp;quot;: &amp;quot;00000000-0000-0000-0000-000000000000&amp;quot;,
&amp;quot;okpd2&amp;quot;: &amp;quot;00000000-0000-0000-0000-000000000000&amp;quot;,
&amp;quot;classifierEOP&amp;quot;: &amp;quot;00000000-0000-0000-0000-000000000000&amp;quot;,
&amp;quot;codeEOP&amp;quot;: &amp;quot;&amp;quot;,
&amp;quot;material&amp;quot;: &amp;quot;&amp;quot;,
&amp;quot;sortament&amp;quot;: &amp;quot;&amp;quot;,
&amp;quot;image&amp;quot;: &amp;quot;&amp;quot;,
&amp;quot;electronicCatalog&amp;quot;: false,
&amp;quot;service&amp;quot;: false,
&amp;quot;sortamentGOST&amp;quot;: &amp;quot;&amp;quot;,
&amp;quot;consolidatedRecord&amp;quot;: false,
&amp;quot;drawingDenotation&amp;quot;: &amp;quot;&amp;quot;,
&amp;quot;seriality&amp;quot;: 0,
&amp;quot;obsolete&amp;quot;: false,
&amp;quot;analyticsPurchasable&amp;quot;: &amp;quot;00000000-0000-0000-0000-000000000000&amp;quot;,
&amp;quot;referencePosition&amp;quot;: &amp;quot;&amp;quot;,
&amp;quot;ownershipSign&amp;quot;: 0,
&amp;quot;unifiedClassifier&amp;quot;: &amp;quot;00000000-0000-0000-0000-000000000000&amp;quot;,
&amp;quot;codeUC&amp;quot;: &amp;quot;&amp;quot;,
&amp;quot;height&amp;quot;: 0,
&amp;quot;width&amp;quot;: 0,
&amp;quot;length&amp;quot;: 0,
&amp;quot;dimensionsUnit&amp;quot;: &amp;quot;00000000-0000-0000-0000-000000000000&amp;quot;,
&amp;quot;dimensionsUnitCode&amp;quot;: 0,
&amp;quot;weight&amp;quot;: 0,
&amp;quot;weightUnit&amp;quot;: &amp;quot;00000000-0000-0000-0000-000000000000&amp;quot;,
&amp;quot;weightUnitCode&amp;quot;: 0,
&amp;quot;groupCost&amp;quot;: &amp;quot;00000000-0000-0000-0000-000000000000&amp;quot;,
&amp;quot;oneTimePurchase&amp;quot;: false,
&amp;quot;includedEOP&amp;quot;: false,
&amp;quot;properties&amp;quot;: [],
&amp;quot;alternativeUnit&amp;quot;: [],
&amp;quot;analogue&amp;quot;: [],
&amp;quot;spares&amp;quot;: [],
&amp;quot;suppliers&amp;quot;: [],
&amp;quot;occurrences&amp;quot;: []
}
}
">
      <![CDATA[java.lang.AssertionError: 1 expectation failed.
Response body doesn't match expectation.
Expected: The content to match the given JSON schema.
error: string "" is too short (length: 0, required minimum: 1)
    level: "error"
    schema: {"loadingURI":"file:/C:/Users/Sasha/Api/target/test-classes/getChangeRequest.json#","pointer":"/properties/data/properties/code"}
    instance: {"pointer":"/data/code"}
    domain: "validation"
    keyword: "minLength"
    value: ""
    found: 0
    minLength: 1
error: string "" is too short (length: 0, required minimum: 1)
    level: "error"
    schema: {"loadingURI":"file:/C:/Users/Sasha/Api/target/test-classes/getChangeRequest.json#","pointer":"/properties/data/properties/codeEOP"}
    instance: {"pointer":"/data/codeEOP"}
    domain: "validation"
    keyword: "minLength"
    value: ""
    found: 0
    minLength: 1
error: string "" is too short (length: 0, required minimum: 1)
    level: "error"
    schema: {"loadingURI":"file:/C:/Users/Sasha/Api/target/test-classes/getChangeRequest.json#","pointer":"/properties/data/properties/codeUC"}
    instance: {"pointer":"/data/codeUC"}
    domain: "validation"
    keyword: "minLength"
    value: ""
    found: 0
    minLength: 1
error: string "" is too short (length: 0, required minimum: 1)
    level: "error"
    schema: {"loadingURI":"file:/C:/Users/Sasha/Api/target/test-classes/getChangeRequest.json#","pointer":"/properties/data/properties/image"}
    instance: {"pointer":"/data/image"}
    domain: "validation"
    keyword: "minLength"
    value: ""
    found: 0
    minLength: 1
error: string "" is too short (length: 0, required minimum: 1)
    level: "error"
    schema: {"loadingURI":"file:/C:/Users/Sasha/Api/target/test-classes/getChangeRequest.json#","pointer":"/properties/data/properties/material"}
    instance: {"pointer":"/data/material"}
    domain: "validation"
    keyword: "minLength"
    value: ""
    found: 0
    minLength: 1
error: string "" is too short (length: 0, required minimum: 1)
    level: "error"
    schema: {"loadingURI":"file:/C:/Users/Sasha/Api/target/test-classes/getChangeRequest.json#","pointer":"/properties/data/properties/name"}
    instance: {"pointer":"/data/name"}
    domain: "validation"
    keyword: "minLength"
    value: ""
    found: 0
    minLength: 1
error: string "" is too short (length: 0, required minimum: 1)
    level: "error"
    schema: {"loadingURI":"file:/C:/Users/Sasha/Api/target/test-classes/getChangeRequest.json#","pointer":"/properties/data/properties/nameFull"}
    instance: {"pointer":"/data/nameFull"}
    domain: "validation"
    keyword: "minLength"
    value: ""
    found: 0
    minLength: 1
error: string "" is too short (length: 0, required minimum: 36)
    level: "error"
    schema: {"loadingURI":"file:/C:/Users/Sasha/Api/target/test-classes/getChangeRequest.json#","pointer":"/properties/data/properties/referencePosition"}
    instance: {"pointer":"/data/referencePosition"}
    domain: "validation"
    keyword: "minLength"
    value: ""
    found: 0
    minLength: 36
error: instance value (0) not found in enum (possible values: [1,2,3,5])
    level: "error"
    schema: {"loadingURI":"file:/C:/Users/Sasha/Api/target/test-classes/getChangeRequest.json#","pointer":"/properties/data/properties/seriality"}
    instance: {"pointer":"/data/seriality"}
    domain: "validation"
    keyword: "enum"
    value: 0
    enum: [1,2,3,5]
error: string "" is too short (length: 0, required minimum: 1)
    level: "error"
    schema: {"loadingURI":"file:/C:/Users/Sasha/Api/target/test-classes/getChangeRequest.json#","pointer":"/properties/data/properties/sortament"}
    instance: {"pointer":"/data/sortament"}
    domain: "validation"
    keyword: "minLength"
    value: ""
    found: 0
    minLength: 1
error: string "" is too short (length: 0, required minimum: 1)
    level: "error"
    schema: {"loadingURI":"file:/C:/Users/Sasha/Api/target/test-classes/getChangeRequest.json#","pointer":"/properties/data/properties/sortamentGOST"}
    instance: {"pointer":"/data/sortamentGOST"}
    domain: "validation"
    keyword: "minLength"
    value: ""
    found: 0
    minLength: 1

  Actual: {
"guid": "31c9ca2a-b120-41f8-aa86-8cffb2627492",
"be": "",
"status": 5,
"code": "000000014",
"autor": {
"fio": "",
"email": ""
},
"responsible": {
"fio": "",
"email": ""
},
"date": "2023-07-25T15:22:04",
"periodExecution": "2023-07-25T15:28:04",
"comment": "",
"data": {
"guid": "00000000-0000-0000-0000-000000000000",
"code": "",
"name": "",
"comment": "",
"archive": false,
"dateOutputArchive": "0001-01-01T00:00:00",
"nameFull": "",
"namePurchasing": "",
"nameSale": "",
"baseUnit": "00000000-0000-0000-0000-000000000000",
"baseUnitCode": 0,
"materialGOST": "",
"tnved": "00000000-0000-0000-0000-000000000000",
"okved": "00000000-0000-0000-0000-000000000000",
"okpd2": "00000000-0000-0000-0000-000000000000",
"classifierEOP": "00000000-0000-0000-0000-000000000000",
"codeEOP": "",
"material": "",
"sortament": "",
"image": "",
"electronicCatalog": false,
"service": false,
"sortamentGOST": "",
"consolidatedRecord": false,
"drawingDenotation": "",
"seriality": 0,
"obsolete": false,
"analyticsPurchasable": "00000000-0000-0000-0000-000000000000",
"referencePosition": "",
"ownershipSign": 0,
"unifiedClassifier": "00000000-0000-0000-0000-000000000000",
"codeUC": "",
"height": 0,
"width": 0,
"length": 0,
"dimensionsUnit": "00000000-0000-0000-0000-000000000000",
"dimensionsUnitCode": 0,
"weight": 0,
"weightUnit": "00000000-0000-0000-0000-000000000000",
"weightUnitCode": 0,
"groupCost": "00000000-0000-0000-0000-000000000000",
"oneTimePurchase": false,
"includedEOP": false,
"properties": [],
"alternativeUnit": [],
"analogue": [],
"spares": [],
"suppliers": [],
"occurrences": []
}
}

at org.codehaus.groovy.runtime.callsite.ConstructorSite$ConstructorSiteNoUnwrapNoCoerce.callConstructor(ConstructorSite.java:108)
at org.codehaus.groovy.runtime.callsite.CallSiteArray.defaultCallConstructor(CallSiteArray.java:57)
at org.codehaus.groovy.runtime.callsite.AbstractCallSite.callConstructor(AbstractCallSite.java:263)
at org.codehaus.groovy.runtime.callsite.AbstractCallSite.callConstructor(AbstractCallSite.java:277)
at io.restassured.internal.ResponseSpecificationImpl$HamcrestAssertionClosure.validate(ResponseSpecificationImpl.groovy:512)
at io.restassured.internal.ResponseSpecificationImpl$HamcrestAssertionClosure$validate$1.call(Unknown Source)
at org.codehaus.groovy.runtime.callsite.CallSiteArray.defaultCall(CallSiteArray.java:45)
at org.codehaus.groovy.runtime.callsite.AbstractCallSite.call(AbstractCallSite.java:125)
at org.codehaus.groovy.runtime.callsite.AbstractCallSite.call(AbstractCallSite.java:139)
at io.restassured.internal.ResponseSpecificationImpl.validateResponseIfRequired(ResponseSpecificationImpl.groovy:696)
at io.restassured.internal.ResponseSpecificationImpl.this$2$validateResponseIfRequired(ResponseSpecificationImpl.groovy)
at org.codehaus.groovy.runtime.callsite.PlainObjectMetaMethodSite.doInvoke(PlainObjectMetaMethodSite.java:43)
at org.codehaus.groovy.runtime.callsite.PogoMetaMethodSite$PogoCachedMethodSiteNoUnwrapNoCoerce.invoke(PogoMetaMethodSite.java:198)
at org.codehaus.groovy.runtime.callsite.PogoMetaMethodSite.callCurrent(PogoMetaMethodSite.java:62)
at org.codehaus.groovy.runtime.callsite.CallSiteArray.defaultCallCurrent(CallSiteArray.java:49)
at org.codehaus.groovy.runtime.callsite.AbstractCallSite.callCurrent(AbstractCallSite.java:171)
at org.codehaus.groovy.runtime.callsite.AbstractCallSite.callCurrent(AbstractCallSite.java:185)
at io.restassured.internal.ResponseSpecificationImpl.body(ResponseSpecificationImpl.groovy:107)
at io.restassured.internal.ValidatableResponseOptionsImpl.body(ValidatableResponseOptionsImpl.java:238)
at AutoTest.ApplicationTest.getChangeRequestGuid(ApplicationTest.java:24)
at java.base/java.util.ArrayList.forEach(ArrayList.java:1511)
... Removed 35 stack frames]]>
    </failure>
  </testcase> <!-- getChangeRequestGuid -->
  <testcase classname="AutoTest.ApplicationTest" name="getChangeRequestGuidNegative" time="0.899"/>
  <testcase classname="AutoTest.ApplicationTest" name="getChangeRequestGuidNegative" time="0.968"/>
  <testcase classname="AutoTest.ApplicationTest" name="getChangeRequestGuidNegative" time="0.995"/>
  <testcase classname="AutoTest.ApplicationTest" name="getChangeRequestGuidNegative" time="1.014"/>
  <testcase classname="AutoTest.ApplicationTest" name="getChangeRequestGuidNegative" time="0.938"/>
  <testcase classname="AutoTest.ApplicationTest" name="getChangeRequestGuidNegative" time="1.047"/>
  <testcase classname="AutoTest.ApplicationTest" name="getChangeRequestGuidNegative" time="0.968"/>
  <testcase classname="AutoTest.ApplicationTest" name="getChangeRequestGuidNegative" time="1.009"/>
  <testcase classname="AutoTest.ApplicationTest" name="getChangeRequestGuidNegative" time="1.019"/>
  <testcase classname="AutoTest.ApplicationTest" name="getChangeRequestGuidNegative" time="1.01"/>
  <testcase classname="AutoTest.ApplicationTest" name="getTestChangeRequestGuid5" time="0.976">
    <failure type="java.lang.AssertionError" message="1 expectation failed.
Expected status code &amp;lt;200&amp;gt; but was &amp;lt;400&amp;gt;.
">
      <![CDATA[java.lang.AssertionError: 1 expectation failed.
Expected status code <200> but was <400>.

at org.codehaus.groovy.runtime.callsite.ConstructorSite$ConstructorSiteNoUnwrapNoCoerce.callConstructor(ConstructorSite.java:108)
at org.codehaus.groovy.runtime.callsite.AbstractCallSite.callConstructor(AbstractCallSite.java:277)
at io.restassured.internal.ResponseSpecificationImpl$HamcrestAssertionClosure.validate(ResponseSpecificationImpl.groovy:512)
at io.restassured.internal.ResponseSpecificationImpl$HamcrestAssertionClosure$validate$1.call(Unknown Source)
at io.restassured.internal.RequestSpecificationImpl.applyPathParamsAndSendRequest(RequestSpecificationImpl.groovy:1705)
at io.restassured.internal.RequestSpecificationImpl.this$2$applyPathParamsAndSendRequest(RequestSpecificationImpl.groovy)
at groovy.lang.MetaMethod.doMethodInvoke(MetaMethod.java:328)
at groovy.lang.MetaClassImpl.doInvokeMethod(MetaClassImpl.java:1348)
at groovy.lang.MetaClassImpl.invokeMethod(MetaClassImpl.java:1103)
at groovy.lang.MetaClassImpl.invokeMethod(MetaClassImpl.java:1009)
at groovy.lang.MetaClassImpl.invokeMethod(MetaClassImpl.java:792)
at io.restassured.internal.RequestSpecificationImpl.invokeMethod(RequestSpecificationImpl.groovy)
at org.codehaus.groovy.runtime.callsite.PogoInterceptableSite.call(PogoInterceptableSite.java:46)
at org.codehaus.groovy.runtime.callsite.PogoInterceptableSite.callCurrent(PogoInterceptableSite.java:57)
at org.codehaus.groovy.runtime.callsite.AbstractCallSite.callCurrent(AbstractCallSite.java:203)
at io.restassured.internal.RequestSpecificationImpl.applyPathParamsAndSendRequest(RequestSpecificationImpl.groovy:1710)
at io.restassured.internal.RequestSpecificationImpl.this$2$applyPathParamsAndSendRequest(RequestSpecificationImpl.groovy)
at groovy.lang.MetaMethod.doMethodInvoke(MetaMethod.java:328)
at groovy.lang.MetaClassImpl.doInvokeMethod(MetaClassImpl.java:1348)
at groovy.lang.MetaClassImpl.invokeMethod(MetaClassImpl.java:1103)
at groovy.lang.MetaClassImpl.invokeMethod(MetaClassImpl.java:1009)
at groovy.lang.MetaClassImpl.invokeMethod(MetaClassImpl.java:792)
at io.restassured.internal.RequestSpecificationImpl.invokeMethod(RequestSpecificationImpl.groovy)
at org.codehaus.groovy.runtime.callsite.PogoInterceptableSite.call(PogoInterceptableSite.java:46)
at org.codehaus.groovy.runtime.callsite.PogoInterceptableSite.callCurrent(PogoInterceptableSite.java:57)
at org.codehaus.groovy.runtime.callsite.AbstractCallSite.callCurrent(AbstractCallSite.java:203)
at io.restassured.internal.RequestSpecificationImpl.get(RequestSpecificationImpl.groovy:172)
at io.restassured.internal.RequestSpecificationImpl.get(RequestSpecificationImpl.groovy)
at AutoTest.ApplicationTest.getTestChangeRequestGuid5(ApplicationTest.java:35)
at java.base/java.util.ArrayList.forEach(ArrayList.java:1511)
... Removed 39 stack frames]]>
    </failure>
  </testcase> <!-- getTestChangeRequestGuid5 -->
  <testcase classname="AutoTest.AuxiliaryTest" name="getListOfChanges" time="1.675">
    <failure type="java.lang.AssertionError" message="1 expectation failed.
JSON path size() doesn&amp;apos;t match.
Expected: is &amp;lt;5&amp;gt;
  Actual: &amp;lt;0&amp;gt;
">
      <![CDATA[java.lang.AssertionError: 1 expectation failed.
JSON path size() doesn't match.
Expected: is <5>
  Actual: <0>

at org.codehaus.groovy.runtime.callsite.ConstructorSite$ConstructorSiteNoUnwrapNoCoerce.callConstructor(ConstructorSite.java:108)
at org.codehaus.groovy.runtime.callsite.AbstractCallSite.callConstructor(AbstractCallSite.java:277)
at io.restassured.internal.ResponseSpecificationImpl$HamcrestAssertionClosure.validate(ResponseSpecificationImpl.groovy:512)
at io.restassured.internal.ResponseSpecificationImpl$HamcrestAssertionClosure$validate$1.call(Unknown Source)
at io.restassured.internal.ResponseSpecificationImpl.validateResponseIfRequired(ResponseSpecificationImpl.groovy:696)
at io.restassured.internal.ResponseSpecificationImpl.this$2$validateResponseIfRequired(ResponseSpecificationImpl.groovy)
at org.codehaus.groovy.runtime.callsite.PlainObjectMetaMethodSite.doInvoke(PlainObjectMetaMethodSite.java:43)
at org.codehaus.groovy.runtime.callsite.PogoMetaMethodSite$PogoCachedMethodSiteNoUnwrapNoCoerce.invoke(PogoMetaMethodSite.java:198)
at org.codehaus.groovy.runtime.callsite.PogoMetaMethodSite.callCurrent(PogoMetaMethodSite.java:62)
at org.codehaus.groovy.runtime.callsite.CallSiteArray.defaultCallCurrent(CallSiteArray.java:49)
at org.codehaus.groovy.runtime.callsite.AbstractCallSite.callCurrent(AbstractCallSite.java:171)
at org.codehaus.groovy.runtime.callsite.AbstractCallSite.callCurrent(AbstractCallSite.java:185)
at io.restassured.internal.ResponseSpecificationImpl.body(ResponseSpecificationImpl.groovy:270)
at io.restassured.specification.ResponseSpecification$body$2.callCurrent(Unknown Source)
at org.codehaus.groovy.runtime.callsite.CallSiteArray.defaultCallCurrent(CallSiteArray.java:49)
at org.codehaus.groovy.runtime.callsite.AbstractCallSite.callCurrent(AbstractCallSite.java:171)
at org.codehaus.groovy.runtime.callsite.AbstractCallSite.callCurrent(AbstractCallSite.java:212)
at io.restassured.internal.ResponseSpecificationImpl.body(ResponseSpecificationImpl.groovy:117)
at io.restassured.internal.ValidatableResponseOptionsImpl.body(ValidatableResponseOptionsImpl.java:244)
at AutoTest.AuxiliaryTest.getListOfChanges(AuxiliaryTest.java:109)
at java.base/java.util.ArrayList.forEach(ArrayList.java:1511)
... Removed 35 stack frames]]>
    </failure>
  </testcase> <!-- getListOfChanges -->
  <testcase classname="AutoTest.AuxiliaryTest" name="getListOfChanges" time="0.357">
    <failure type="java.lang.AssertionError" message="1 expectation failed.
JSON path size() doesn&amp;apos;t match.
Expected: is &amp;lt;1&amp;gt;
  Actual: &amp;lt;0&amp;gt;
">
      <![CDATA[java.lang.AssertionError: 1 expectation failed.
JSON path size() doesn't match.
Expected: is <1>
  Actual: <0>

at org.codehaus.groovy.runtime.callsite.ConstructorSite$ConstructorSiteNoUnwrapNoCoerce.callConstructor(ConstructorSite.java:108)
at org.codehaus.groovy.runtime.callsite.AbstractCallSite.callConstructor(AbstractCallSite.java:277)
at io.restassured.internal.ResponseSpecificationImpl$HamcrestAssertionClosure.validate(ResponseSpecificationImpl.groovy:512)
at io.restassured.internal.ResponseSpecificationImpl$HamcrestAssertionClosure$validate$1.call(Unknown Source)
at io.restassured.internal.ResponseSpecificationImpl.validateResponseIfRequired(ResponseSpecificationImpl.groovy:696)
at io.restassured.internal.ResponseSpecificationImpl.this$2$validateResponseIfRequired(ResponseSpecificationImpl.groovy)
at org.codehaus.groovy.runtime.callsite.PlainObjectMetaMethodSite.doInvoke(PlainObjectMetaMethodSite.java:43)
at org.codehaus.groovy.runtime.callsite.PogoMetaMethodSite$PogoCachedMethodSiteNoUnwrapNoCoerce.invoke(PogoMetaMethodSite.java:198)
at org.codehaus.groovy.runtime.callsite.PogoMetaMethodSite.callCurrent(PogoMetaMethodSite.java:62)
at org.codehaus.groovy.runtime.callsite.AbstractCallSite.callCurrent(AbstractCallSite.java:185)
at io.restassured.internal.ResponseSpecificationImpl.body(ResponseSpecificationImpl.groovy:270)
at io.restassured.specification.ResponseSpecification$body$2.callCurrent(Unknown Source)
at io.restassured.internal.ResponseSpecificationImpl.body(ResponseSpecificationImpl.groovy:117)
at io.restassured.internal.ValidatableResponseOptionsImpl.body(ValidatableResponseOptionsImpl.java:244)
at AutoTest.AuxiliaryTest.getListOfChanges(AuxiliaryTest.java:109)
at java.base/java.util.ArrayList.forEach(ArrayList.java:1511)
... Removed 35 stack frames]]>
    </failure>
  </testcase> <!-- getListOfChanges -->
  <testcase classname="AutoTest.AuxiliaryTest" name="getListOfChanges" time="0.97">
    <failure type="java.lang.AssertionError" message="1 expectation failed.
JSON path size() doesn&amp;apos;t match.
Expected: is &amp;lt;1&amp;gt;
  Actual: &amp;lt;0&amp;gt;
">
      <![CDATA[java.lang.AssertionError: 1 expectation failed.
JSON path size() doesn't match.
Expected: is <1>
  Actual: <0>

at org.codehaus.groovy.runtime.callsite.ConstructorSite$ConstructorSiteNoUnwrapNoCoerce.callConstructor(ConstructorSite.java:108)
at org.codehaus.groovy.runtime.callsite.AbstractCallSite.callConstructor(AbstractCallSite.java:277)
at io.restassured.internal.ResponseSpecificationImpl$HamcrestAssertionClosure.validate(ResponseSpecificationImpl.groovy:512)
at io.restassured.internal.ResponseSpecificationImpl$HamcrestAssertionClosure$validate$1.call(Unknown Source)
at io.restassured.internal.ResponseSpecificationImpl.validateResponseIfRequired(ResponseSpecificationImpl.groovy:696)
at io.restassured.internal.ResponseSpecificationImpl.this$2$validateResponseIfRequired(ResponseSpecificationImpl.groovy)
at org.codehaus.groovy.runtime.callsite.PlainObjectMetaMethodSite.doInvoke(PlainObjectMetaMethodSite.java:43)
at org.codehaus.groovy.runtime.callsite.PogoMetaMethodSite$PogoCachedMethodSiteNoUnwrapNoCoerce.invoke(PogoMetaMethodSite.java:198)
at org.codehaus.groovy.runtime.callsite.PogoMetaMethodSite.callCurrent(PogoMetaMethodSite.java:62)
at org.codehaus.groovy.runtime.callsite.AbstractCallSite.callCurrent(AbstractCallSite.java:185)
at io.restassured.internal.ResponseSpecificationImpl.body(ResponseSpecificationImpl.groovy:270)
at io.restassured.specification.ResponseSpecification$body$2.callCurrent(Unknown Source)
at io.restassured.internal.ResponseSpecificationImpl.body(ResponseSpecificationImpl.groovy:117)
at io.restassured.internal.ValidatableResponseOptionsImpl.body(ValidatableResponseOptionsImpl.java:244)
at AutoTest.AuxiliaryTest.getListOfChanges(AuxiliaryTest.java:109)
at java.base/java.util.ArrayList.forEach(ArrayList.java:1511)
... Removed 35 stack frames]]>
    </failure>
  </testcase> <!-- getListOfChanges -->
  <testcase classname="AutoTest.AuxiliaryTest" name="getListOfChanges" time="1.024">
    <failure type="java.lang.AssertionError" message="1 expectation failed.
JSON path size() doesn&amp;apos;t match.
Expected: is &amp;lt;1&amp;gt;
  Actual: &amp;lt;0&amp;gt;
">
      <![CDATA[java.lang.AssertionError: 1 expectation failed.
JSON path size() doesn't match.
Expected: is <1>
  Actual: <0>

at org.codehaus.groovy.runtime.callsite.ConstructorSite$ConstructorSiteNoUnwrapNoCoerce.callConstructor(ConstructorSite.java:108)
at org.codehaus.groovy.runtime.callsite.AbstractCallSite.callConstructor(AbstractCallSite.java:277)
at io.restassured.internal.ResponseSpecificationImpl$HamcrestAssertionClosure.validate(ResponseSpecificationImpl.groovy:512)
at io.restassured.internal.ResponseSpecificationImpl$HamcrestAssertionClosure$validate$1.call(Unknown Source)
at io.restassured.internal.ResponseSpecificationImpl.validateResponseIfRequired(ResponseSpecificationImpl.groovy:696)
at io.restassured.internal.ResponseSpecificationImpl.this$2$validateResponseIfRequired(ResponseSpecificationImpl.groovy)
at org.codehaus.groovy.runtime.callsite.PlainObjectMetaMethodSite.doInvoke(PlainObjectMetaMethodSite.java:43)
at org.codehaus.groovy.runtime.callsite.PogoMetaMethodSite$PogoCachedMethodSiteNoUnwrapNoCoerce.invoke(PogoMetaMethodSite.java:198)
at org.codehaus.groovy.runtime.callsite.PogoMetaMethodSite.callCurrent(PogoMetaMethodSite.java:62)
at org.codehaus.groovy.runtime.callsite.AbstractCallSite.callCurrent(AbstractCallSite.java:185)
at io.restassured.internal.ResponseSpecificationImpl.body(ResponseSpecificationImpl.groovy:270)
at io.restassured.specification.ResponseSpecification$body$2.callCurrent(Unknown Source)
at io.restassured.internal.ResponseSpecificationImpl.body(ResponseSpecificationImpl.groovy:117)
at io.restassured.internal.ValidatableResponseOptionsImpl.body(ValidatableResponseOptionsImpl.java:244)
at AutoTest.AuxiliaryTest.getListOfChanges(AuxiliaryTest.java:109)
at java.base/java.util.ArrayList.forEach(ArrayList.java:1511)
... Removed 35 stack frames]]>
    </failure>
  </testcase> <!-- getListOfChanges -->
  <testcase classname="AutoTest.AuxiliaryTest" name="getListOfChanges" time="0.989">
    <failure type="java.lang.AssertionError" message="1 expectation failed.
JSON path size() doesn&amp;apos;t match.
Expected: is &amp;lt;1&amp;gt;
  Actual: &amp;lt;0&amp;gt;
">
      <![CDATA[java.lang.AssertionError: 1 expectation failed.
JSON path size() doesn't match.
Expected: is <1>
  Actual: <0>

at org.codehaus.groovy.runtime.callsite.ConstructorSite$ConstructorSiteNoUnwrapNoCoerce.callConstructor(ConstructorSite.java:108)
at org.codehaus.groovy.runtime.callsite.AbstractCallSite.callConstructor(AbstractCallSite.java:277)
at io.restassured.internal.ResponseSpecificationImpl$HamcrestAssertionClosure.validate(ResponseSpecificationImpl.groovy:512)
at io.restassured.internal.ResponseSpecificationImpl$HamcrestAssertionClosure$validate$1.call(Unknown Source)
at io.restassured.internal.ResponseSpecificationImpl.validateResponseIfRequired(ResponseSpecificationImpl.groovy:696)
at io.restassured.internal.ResponseSpecificationImpl.this$2$validateResponseIfRequired(ResponseSpecificationImpl.groovy)
at org.codehaus.groovy.runtime.callsite.PlainObjectMetaMethodSite.doInvoke(PlainObjectMetaMethodSite.java:43)
at org.codehaus.groovy.runtime.callsite.PogoMetaMethodSite$PogoCachedMethodSiteNoUnwrapNoCoerce.invoke(PogoMetaMethodSite.java:198)
at org.codehaus.groovy.runtime.callsite.PogoMetaMethodSite.callCurrent(PogoMetaMethodSite.java:62)
at org.codehaus.groovy.runtime.callsite.AbstractCallSite.callCurrent(AbstractCallSite.java:185)
at io.restassured.internal.ResponseSpecificationImpl.body(ResponseSpecificationImpl.groovy:270)
at io.restassured.specification.ResponseSpecification$body$2.callCurrent(Unknown Source)
at io.restassured.internal.ResponseSpecificationImpl.body(ResponseSpecificationImpl.groovy:117)
at io.restassured.internal.ValidatableResponseOptionsImpl.body(ValidatableResponseOptionsImpl.java:244)
at AutoTest.AuxiliaryTest.getListOfChanges(AuxiliaryTest.java:109)
at java.base/java.util.ArrayList.forEach(ArrayList.java:1511)
... Removed 35 stack frames]]>
    </failure>
  </testcase> <!-- getListOfChanges -->
  <testcase classname="AutoTest.AuxiliaryTest" name="getListOfChanges" time="1.328"/>
  <testcase classname="AutoTest.AuxiliaryTest" name="getListOfChanges" time="0.674"/>
  <testcase classname="AutoTest.AuxiliaryTest" name="getListOfChanges" time="1.033"/>
  <testcase classname="AutoTest.AuxiliaryTest" name="getListOfChangesNegative" time="1.108"/>
  <testcase classname="AutoTest.AuxiliaryTest" name="getListOfChangesNegative" time="0.824"/>
  <testcase classname="AutoTest.AuxiliaryTest" name="getListOfChangesNegative" time="1.019"/>
  <testcase classname="AutoTest.AuxiliaryTest" name="getListOfChangesNegative" time="1.037"/>
  <testcase classname="AutoTest.AuxiliaryTest" name="getListOfChangesNegative" time="0.911"/>
  <testcase classname="AutoTest.AuxiliaryTest" name="getListOfChangesNegative" time="1.034"/>
  <testcase classname="AutoTest.AuxiliaryTest" name="getListOfChangesNegative" time="1.022"/>
  <testcase classname="AutoTest.AuxiliaryTest" name="getListOfChangesNegative" time="0.971"/>
  <testcase classname="AutoTest.AuxiliaryTest" name="getListOfChangesNegative" time="1.004"/>
  <testcase classname="AutoTest.AuxiliaryTest" name="getListOfChangesNegative" time="0.971"/>
  <testcase classname="AutoTest.AuxiliaryTest" name="getListOfChangesNegativeDate" time="1.047"/>
  <testcase classname="AutoTest.AuxiliaryTest" name="getListOfChangesNegativeDate" time="0.959"/>
  <testcase classname="AutoTest.AuxiliaryTest" name="getListOfChangesNegativeDate" time="1.026"/>
  <testcase classname="AutoTest.AuxiliaryTest" name="getListOfChangesNegativeDate" time="0.988"/>
  <testcase classname="AutoTest.AuxiliaryTest" name="getListOfChangesNegativeDate" time="0.974"/>
  <testcase classname="AutoTest.AuxiliaryTest" name="getListOfChangesNegativeDate" time="0.975"/>
  <testcase classname="AutoTest.AuxiliaryTest" name="getListOfChangesNegativeDate" time="1.051"/>
  <testcase classname="AutoTest.AuxiliaryTest" name="getListOfChangesNegativeDate" time="0.978"/>
  <testcase classname="AutoTest.AuxiliaryTest" name="getListOfChangesNegativeDate" time="1.011"/>
  <testcase classname="AutoTest.AuxiliaryTest" name="getListOfChangesNegativeType" time="1.131"/>
  <testcase classname="AutoTest.AuxiliaryTest" name="getListOfChangesNegativeType" time="0.881">
    <failure type="java.lang.AssertionError" message="1 expectation failed.
Expected status code &amp;lt;400&amp;gt; but was &amp;lt;404&amp;gt;.
">
      <![CDATA[java.lang.AssertionError: 1 expectation failed.
Expected status code <400> but was <404>.

at org.codehaus.groovy.runtime.callsite.ConstructorSite$ConstructorSiteNoUnwrapNoCoerce.callConstructor(ConstructorSite.java:108)
at org.codehaus.groovy.runtime.callsite.AbstractCallSite.callConstructor(AbstractCallSite.java:277)
at io.restassured.internal.ResponseSpecificationImpl$HamcrestAssertionClosure.validate(ResponseSpecificationImpl.groovy:512)
at io.restassured.internal.ResponseSpecificationImpl$HamcrestAssertionClosure$validate$1.call(Unknown Source)
at io.restassured.internal.RequestSpecificationImpl.applyPathParamsAndSendRequest(RequestSpecificationImpl.groovy:1705)
at io.restassured.internal.RequestSpecificationImpl.this$2$applyPathParamsAndSendRequest(RequestSpecificationImpl.groovy)
at groovy.lang.MetaMethod.doMethodInvoke(MetaMethod.java:328)
at groovy.lang.MetaClassImpl.doInvokeMethod(MetaClassImpl.java:1348)
at groovy.lang.MetaClassImpl.invokeMethod(MetaClassImpl.java:1103)
at groovy.lang.MetaClassImpl.invokeMethod(MetaClassImpl.java:1009)
at groovy.lang.MetaClassImpl.invokeMethod(MetaClassImpl.java:792)
at io.restassured.internal.RequestSpecificationImpl.invokeMethod(RequestSpecificationImpl.groovy)
at org.codehaus.groovy.runtime.callsite.PogoInterceptableSite.call(PogoInterceptableSite.java:46)
at org.codehaus.groovy.runtime.callsite.PogoInterceptableSite.callCurrent(PogoInterceptableSite.java:57)
at org.codehaus.groovy.runtime.callsite.AbstractCallSite.callCurrent(AbstractCallSite.java:203)
at io.restassured.internal.RequestSpecificationImpl.applyPathParamsAndSendRequest(RequestSpecificationImpl.groovy:1710)
at io.restassured.internal.RequestSpecificationImpl.this$2$applyPathParamsAndSendRequest(RequestSpecificationImpl.groovy)
at groovy.lang.MetaMethod.doMethodInvoke(MetaMethod.java:328)
at groovy.lang.MetaClassImpl.doInvokeMethod(MetaClassImpl.java:1348)
at groovy.lang.MetaClassImpl.invokeMethod(MetaClassImpl.java:1103)
at groovy.lang.MetaClassImpl.invokeMethod(MetaClassImpl.java:1009)
at groovy.lang.MetaClassImpl.invokeMethod(MetaClassImpl.java:792)
at io.restassured.internal.RequestSpecificationImpl.invokeMethod(RequestSpecificationImpl.groovy)
at org.codehaus.groovy.runtime.callsite.PogoInterceptableSite.call(PogoInterceptableSite.java:46)
at org.codehaus.groovy.runtime.callsite.PogoInterceptableSite.callCurrent(PogoInterceptableSite.java:57)
at org.codehaus.groovy.runtime.callsite.AbstractCallSite.callCurrent(AbstractCallSite.java:203)
at io.restassured.internal.RequestSpecificationImpl.get(RequestSpecificationImpl.groovy:172)
at io.restassured.internal.RequestSpecificationImpl.get(RequestSpecificationImpl.groovy)
at AutoTest.AuxiliaryTest.getListOfChangesNegativeType(AuxiliaryTest.java:160)
at java.base/java.util.ArrayList.forEach(ArrayList.java:1511)
... Removed 39 stack frames]]>
    </failure>
  </testcase> <!-- getListOfChangesNegativeType -->
  <testcase classname="AutoTest.AuxiliaryTest" name="getListOfChangesNegativeType" time="0.102">
    <failure type="java.lang.AssertionError" message="1 expectation failed.
Expected status code &amp;lt;400&amp;gt; but was &amp;lt;403&amp;gt;.
">
      <![CDATA[java.lang.AssertionError: 1 expectation failed.
Expected status code <400> but was <403>.

at org.codehaus.groovy.runtime.callsite.ConstructorSite$ConstructorSiteNoUnwrapNoCoerce.callConstructor(ConstructorSite.java:108)
at org.codehaus.groovy.runtime.callsite.AbstractCallSite.callConstructor(AbstractCallSite.java:277)
at io.restassured.internal.ResponseSpecificationImpl$HamcrestAssertionClosure.validate(ResponseSpecificationImpl.groovy:512)
at io.restassured.internal.ResponseSpecificationImpl$HamcrestAssertionClosure$validate$1.call(Unknown Source)
at io.restassured.internal.RequestSpecificationImpl.applyPathParamsAndSendRequest(RequestSpecificationImpl.groovy:1705)
at io.restassured.internal.RequestSpecificationImpl.this$2$applyPathParamsAndSendRequest(RequestSpecificationImpl.groovy)
at groovy.lang.MetaMethod.doMethodInvoke(MetaMethod.java:328)
at groovy.lang.MetaClassImpl.doInvokeMethod(MetaClassImpl.java:1348)
at groovy.lang.MetaClassImpl.invokeMethod(MetaClassImpl.java:1103)
at groovy.lang.MetaClassImpl.invokeMethod(MetaClassImpl.java:1009)
at groovy.lang.MetaClassImpl.invokeMethod(MetaClassImpl.java:792)
at io.restassured.internal.RequestSpecificationImpl.invokeMethod(RequestSpecificationImpl.groovy)
at org.codehaus.groovy.runtime.callsite.PogoInterceptableSite.call(PogoInterceptableSite.java:46)
at org.codehaus.groovy.runtime.callsite.PogoInterceptableSite.callCurrent(PogoInterceptableSite.java:57)
at org.codehaus.groovy.runtime.callsite.AbstractCallSite.callCurrent(AbstractCallSite.java:203)
at io.restassured.internal.RequestSpecificationImpl.applyPathParamsAndSendRequest(RequestSpecificationImpl.groovy:1710)
at io.restassured.internal.RequestSpecificationImpl.this$2$applyPathParamsAndSendRequest(RequestSpecificationImpl.groovy)
at groovy.lang.MetaMethod.doMethodInvoke(MetaMethod.java:328)
at groovy.lang.MetaClassImpl.doInvokeMethod(MetaClassImpl.java:1348)
at groovy.lang.MetaClassImpl.invokeMethod(MetaClassImpl.java:1103)
at groovy.lang.MetaClassImpl.invokeMethod(MetaClassImpl.java:1009)
at groovy.lang.MetaClassImpl.invokeMethod(MetaClassImpl.java:792)
at io.restassured.internal.RequestSpecificationImpl.invokeMethod(RequestSpecificationImpl.groovy)
at org.codehaus.groovy.runtime.callsite.PogoInterceptableSite.call(PogoInterceptableSite.java:46)
at org.codehaus.groovy.runtime.callsite.PogoInterceptableSite.callCurrent(PogoInterceptableSite.java:57)
at org.codehaus.groovy.runtime.callsite.AbstractCallSite.callCurrent(AbstractCallSite.java:203)
at io.restassured.internal.RequestSpecificationImpl.get(RequestSpecificationImpl.groovy:172)
at io.restassured.internal.RequestSpecificationImpl.get(RequestSpecificationImpl.groovy)
at AutoTest.AuxiliaryTest.getListOfChangesNegativeType(AuxiliaryTest.java:160)
at java.base/java.util.ArrayList.forEach(ArrayList.java:1511)
... Removed 39 stack frames]]>
    </failure>
  </testcase> <!-- getListOfChangesNegativeType -->
  <testcase classname="AutoTest.AuxiliaryTest" name="getListOfChangesNegativeType" time="0.9"/>
  <testcase classname="AutoTest.AuxiliaryTest" name="getListOfChangesNegativeType" time="1.13"/>
  <testcase classname="AutoTest.AuxiliaryTest" name="getListOfChangesNegativeType" time="0.856"/>
  <testcase classname="AutoTest.AuxiliaryTest" name="getListOfChangesNegativeType" time="0.958"/>
  <testcase classname="AutoTest.AuxiliaryTest" name="getListOfChangesNegativeType" time="0.868">
    <failure type="java.lang.AssertionError" message="1 expectation failed.
Expected status code &amp;lt;400&amp;gt; but was &amp;lt;404&amp;gt;.
">
      <![CDATA[java.lang.AssertionError: 1 expectation failed.
Expected status code <400> but was <404>.

at org.codehaus.groovy.runtime.callsite.ConstructorSite$ConstructorSiteNoUnwrapNoCoerce.callConstructor(ConstructorSite.java:108)
at org.codehaus.groovy.runtime.callsite.AbstractCallSite.callConstructor(AbstractCallSite.java:277)
at io.restassured.internal.ResponseSpecificationImpl$HamcrestAssertionClosure.validate(ResponseSpecificationImpl.groovy:512)
at io.restassured.internal.ResponseSpecificationImpl$HamcrestAssertionClosure$validate$1.call(Unknown Source)
at io.restassured.internal.RequestSpecificationImpl.applyPathParamsAndSendRequest(RequestSpecificationImpl.groovy:1705)
at io.restassured.internal.RequestSpecificationImpl.this$2$applyPathParamsAndSendRequest(RequestSpecificationImpl.groovy)
at groovy.lang.MetaMethod.doMethodInvoke(MetaMethod.java:328)
at groovy.lang.MetaClassImpl.doInvokeMethod(MetaClassImpl.java:1348)
at groovy.lang.MetaClassImpl.invokeMethod(MetaClassImpl.java:1103)
at groovy.lang.MetaClassImpl.invokeMethod(MetaClassImpl.java:1009)
at groovy.lang.MetaClassImpl.invokeMethod(MetaClassImpl.java:792)
at io.restassured.internal.RequestSpecificationImpl.invokeMethod(RequestSpecificationImpl.groovy)
at org.codehaus.groovy.runtime.callsite.PogoInterceptableSite.call(PogoInterceptableSite.java:46)
at org.codehaus.groovy.runtime.callsite.PogoInterceptableSite.callCurrent(PogoInterceptableSite.java:57)
at org.codehaus.groovy.runtime.callsite.AbstractCallSite.callCurrent(AbstractCallSite.java:203)
at io.restassured.internal.RequestSpecificationImpl.applyPathParamsAndSendRequest(RequestSpecificationImpl.groovy:1710)
at io.restassured.internal.RequestSpecificationImpl.this$2$applyPathParamsAndSendRequest(RequestSpecificationImpl.groovy)
at groovy.lang.MetaMethod.doMethodInvoke(MetaMethod.java:328)
at groovy.lang.MetaClassImpl.doInvokeMethod(MetaClassImpl.java:1348)
at groovy.lang.MetaClassImpl.invokeMethod(MetaClassImpl.java:1103)
at groovy.lang.MetaClassImpl.invokeMethod(MetaClassImpl.java:1009)
at groovy.lang.MetaClassImpl.invokeMethod(MetaClassImpl.java:792)
at io.restassured.internal.RequestSpecificationImpl.invokeMethod(RequestSpecificationImpl.groovy)
at org.codehaus.groovy.runtime.callsite.PogoInterceptableSite.call(PogoInterceptableSite.java:46)
at org.codehaus.groovy.runtime.callsite.PogoInterceptableSite.callCurrent(PogoInterceptableSite.java:57)
at org.codehaus.groovy.runtime.callsite.AbstractCallSite.callCurrent(AbstractCallSite.java:203)
at io.restassured.internal.RequestSpecificationImpl.get(RequestSpecificationImpl.groovy:172)
at io.restassured.internal.RequestSpecificationImpl.get(RequestSpecificationImpl.groovy)
at AutoTest.AuxiliaryTest.getListOfChangesNegativeType(AuxiliaryTest.java:160)
at java.base/java.util.ArrayList.forEach(ArrayList.java:1511)
... Removed 39 stack frames]]>
    </failure>
  </testcase> <!-- getListOfChangesNegativeType -->
  <testcase classname="AutoTest.AuxiliaryTest" name="getListOfChangesNegativeType" time="0.011">
    <failure type="java.lang.IllegalArgumentException" message="Path parameters were not correctly defined. Undefined path parameters are: .">
      <![CDATA[java.lang.IllegalArgumentException: Path parameters were not correctly defined. Undefined path parameters are: .
at org.codehaus.groovy.runtime.callsite.ConstructorSite$ConstructorSiteNoUnwrap.callConstructor(ConstructorSite.java:86)
at org.codehaus.groovy.runtime.callsite.CallSiteArray.defaultCallConstructor(CallSiteArray.java:57)
at org.codehaus.groovy.runtime.callsite.AbstractCallSite.callConstructor(AbstractCallSite.java:263)
at org.codehaus.groovy.runtime.callsite.AbstractCallSite.callConstructor(AbstractCallSite.java:277)
at io.restassured.internal.RequestSpecificationImpl.assertCorrectNumberOfPathParams(RequestSpecificationImpl.groovy:1277)
at groovy.lang.MetaMethod.doMethodInvoke(MetaMethod.java:328)
at groovy.lang.MetaClassImpl.doInvokeMethod(MetaClassImpl.java:1348)
at groovy.lang.MetaClassImpl.invokeMethod(MetaClassImpl.java:1103)
at groovy.lang.MetaClassImpl.invokeMethod(MetaClassImpl.java:1009)
at groovy.lang.MetaClassImpl.invokeMethod(MetaClassImpl.java:792)
at io.restassured.internal.RequestSpecificationImpl.invokeMethod(RequestSpecificationImpl.groovy)
at org.codehaus.groovy.runtime.callsite.PogoInterceptableSite.call(PogoInterceptableSite.java:46)
at org.codehaus.groovy.runtime.callsite.PogoInterceptableSite.callCurrent(PogoInterceptableSite.java:57)
at org.codehaus.groovy.runtime.callsite.AbstractCallSite.callCurrent(AbstractCallSite.java:176)
at io.restassured.internal.RequestSpecificationImpl.sendRequest(RequestSpecificationImpl.groovy:1161)
at io.restassured.internal.RequestSpecificationImpl.this$2$sendRequest(RequestSpecificationImpl.groovy)
at groovy.lang.MetaMethod.doMethodInvoke(MetaMethod.java:328)
at groovy.lang.MetaClassImpl.doInvokeMethod(MetaClassImpl.java:1348)
at groovy.lang.MetaClassImpl.invokeMethod(MetaClassImpl.java:1103)
at groovy.lang.MetaClassImpl.invokeMethod(MetaClassImpl.java:1009)
at groovy.lang.MetaClassImpl.invokeMethod(MetaClassImpl.java:792)
at io.restassured.internal.RequestSpecificationImpl.invokeMethod(RequestSpecificationImpl.groovy)
at org.codehaus.groovy.runtime.callsite.PogoInterceptableSite.call(PogoInterceptableSite.java:46)
at org.codehaus.groovy.runtime.callsite.AbstractCallSite.call(AbstractCallSite.java:166)
at io.restassured.internal.filter.SendRequestFilter.filter(SendRequestFilter.groovy:30)
at io.restassured.filter.Filter$filter.call(Unknown Source)
at org.codehaus.groovy.runtime.callsite.CallSiteArray.defaultCall(CallSiteArray.java:45)
at io.restassured.filter.Filter$filter$0.call(Unknown Source)
at io.restassured.internal.filter.FilterContextImpl.next(FilterContextImpl.groovy:72)
at io.restassured.filter.time.TimingFilter.filter(TimingFilter.java:56)
at io.restassured.filter.Filter$filter$0.call(Unknown Source)
at org.codehaus.groovy.runtime.callsite.CallSiteArray.defaultCall(CallSiteArray.java:45)
at io.restassured.filter.Filter$filter.call(Unknown Source)
at io.restassured.internal.filter.FilterContextImpl.next(FilterContextImpl.groovy:72)
at io.restassured.filter.FilterContext$next.call(Unknown Source)
at io.restassured.internal.filter.CsrfFilter.filter(CsrfFilter.groovy:70)
at io.restassured.filter.Filter$filter.call(Unknown Source)
at org.codehaus.groovy.runtime.callsite.CallSiteArray.defaultCall(CallSiteArray.java:45)
at io.restassured.filter.Filter$filter$0.call(Unknown Source)
at io.restassured.internal.filter.FilterContextImpl.next(FilterContextImpl.groovy:72)
at io.restassured.filter.log.RequestLoggingFilter.filter(RequestLoggingFilter.java:146)
at io.restassured.filter.Filter$filter$0.call(Unknown Source)
at org.codehaus.groovy.runtime.callsite.CallSiteArray.defaultCall(CallSiteArray.java:45)
at io.restassured.filter.Filter$filter.call(Unknown Source)
at io.restassured.internal.filter.FilterContextImpl.next(FilterContextImpl.groovy:72)
at io.restassured.filter.FilterContext$next.call(Unknown Source)
at io.restassured.internal.RequestSpecificationImpl.applyPathParamsAndSendRequest(RequestSpecificationImpl.groovy:1704)
at io.restassured.internal.RequestSpecificationImpl.this$2$applyPathParamsAndSendRequest(RequestSpecificationImpl.groovy)
at groovy.lang.MetaMethod.doMethodInvoke(MetaMethod.java:328)
at groovy.lang.MetaClassImpl.doInvokeMethod(MetaClassImpl.java:1348)
at groovy.lang.MetaClassImpl.invokeMethod(MetaClassImpl.java:1103)
at groovy.lang.MetaClassImpl.invokeMethod(MetaClassImpl.java:1009)
at groovy.lang.MetaClassImpl.invokeMethod(MetaClassImpl.java:792)
at io.restassured.internal.RequestSpecificationImpl.invokeMethod(RequestSpecificationImpl.groovy)
at org.codehaus.groovy.runtime.callsite.PogoInterceptableSite.call(PogoInterceptableSite.java:46)
at org.codehaus.groovy.runtime.callsite.PogoInterceptableSite.callCurrent(PogoInterceptableSite.java:57)
at org.codehaus.groovy.runtime.callsite.AbstractCallSite.callCurrent(AbstractCallSite.java:203)
at io.restassured.internal.RequestSpecificationImpl.applyPathParamsAndSendRequest(RequestSpecificationImpl.groovy:1710)
at io.restassured.internal.RequestSpecificationImpl.this$2$applyPathParamsAndSendRequest(RequestSpecificationImpl.groovy)
at groovy.lang.MetaMethod.doMethodInvoke(MetaMethod.java:328)
at groovy.lang.MetaClassImpl.doInvokeMethod(MetaClassImpl.java:1348)
at groovy.lang.MetaClassImpl.invokeMethod(MetaClassImpl.java:1103)
at groovy.lang.MetaClassImpl.invokeMethod(MetaClassImpl.java:1009)
at groovy.lang.MetaClassImpl.invokeMethod(MetaClassImpl.java:792)
at io.restassured.internal.RequestSpecificationImpl.invokeMethod(RequestSpecificationImpl.groovy)
at org.codehaus.groovy.runtime.callsite.PogoInterceptableSite.call(PogoInterceptableSite.java:46)
at org.codehaus.groovy.runtime.callsite.PogoInterceptableSite.callCurrent(PogoInterceptableSite.java:57)
at org.codehaus.groovy.runtime.callsite.AbstractCallSite.callCurrent(AbstractCallSite.java:203)
at io.restassured.internal.RequestSpecificationImpl.get(RequestSpecificationImpl.groovy:172)
at io.restassured.internal.RequestSpecificationImpl.get(RequestSpecificationImpl.groovy)
at AutoTest.AuxiliaryTest.getListOfChangesNegativeType(AuxiliaryTest.java:160)
at java.base/java.util.ArrayList.forEach(ArrayList.java:1511)
... Removed 46 stack frames]]>
    </failure>
  </testcase> <!-- getListOfChangesNegativeType -->
  <testcase classname="AutoTest.AuxiliaryTest" name="getListOfChangesNegativeType" time="1.15"/>
  <testcase classname="AutoTest.AuxiliaryTest" name="getPing" time="0.955"/>
  <testcase classname="AutoTest.ClassifierTest" name="getEopGuid" time="1.077"/>
  <testcase classname="AutoTest.ClassifierTest" name="getEopGuidNegativeData" time="0.961"/>
  <testcase classname="AutoTest.ClassifierTest" name="getEopGuidNegativeData" time="0.971"/>
  <testcase classname="AutoTest.ClassifierTest" name="getEopGuidNegativeData" time="1.034"/>
  <testcase classname="AutoTest.ClassifierTest" name="getEopGuidNegativeData" time="0.967"/>
  <testcase classname="AutoTest.ClassifierTest" name="getEopGuidNegativeData" time="0.988"/>
  <testcase classname="AutoTest.ClassifierTest" name="getEopGuidNegativeData" time="0.996"/>
  <testcase classname="AutoTest.ClassifierTest" name="getEopGuidNegativeData" time="1.029"/>
  <testcase classname="AutoTest.ClassifierTest" name="getEopGuidNegativeData" time="1.04"/>
  <testcase classname="AutoTest.ClassifierTest" name="getEopGuidNegativeData" time="0.927"/>
  <testcase classname="AutoTest.ClassifierTest" name="getEopGuidNegativeData" time="1.047"/>
  <testcase classname="AutoTest.ClassifierTest" name="getEopList" time="0.996"/>
  <testcase classname="AutoTest.ClassifierTest" name="getEopList" time="1.022"/>
  <testcase classname="AutoTest.ClassifierTest" name="getEopList" time="0.959"/>
  <testcase classname="AutoTest.ClassifierTest" name="getEopList" time="1.519"/>
  <testcase classname="AutoTest.ClassifierTest" name="getEopList" time="1.072"/>
  <testcase classname="AutoTest.ClassifierTest" name="getEopList" time="0.783"/>
  <testcase classname="AutoTest.ClassifierTest" name="getEopListNegativeStep" time="0.638"/>
  <testcase classname="AutoTest.ClassifierTest" name="getEopListNegativeStep" time="0.985"/>
  <testcase classname="AutoTest.ClassifierTest" name="getEopListNegativeStep" time="1.176"/>
  <testcase classname="AutoTest.ClassifierTest" name="getEopListNegativeStep" time="0.82"/>
  <testcase classname="AutoTest.ClassifierTest" name="getEopListNegativeStep" time="1.006"/>
  <testcase classname="AutoTest.ClassifierTest" name="getEopListNegativeStep" time="1.077"/>
  <testcase classname="AutoTest.ClassifierTest" name="getEopListNegativeStep" time="0.93"/>
  <testcase classname="AutoTest.ClassifierTest" name="getEopListNegativeStep" time="1.027"/>
  <testcase classname="AutoTest.ClassifierTest" name="getEopListNegativeStep" time="0.963"/>
  <testcase classname="AutoTest.ClassifierTest" name="getEopListNegativeStep" time="0.995"/>
  <testcase classname="AutoTest.ClassifierTest" name="getEopListNegativeStep" time="1.012"/>
  <testcase classname="AutoTest.ClassifierTest" name="getEopListNegativeStep" time="1.02"/>
  <testcase classname="AutoTest.ClassifierTest" name="getEopListNegativeStep" time="0.959"/>
  <testcase classname="AutoTest.ClassifierTest" name="getEopListNegativeStep" time="0.996"/>
  <testcase classname="AutoTest.ClassifierTest" name="getEopListStepIsEmpty" time="1.229"/>
  <testcase classname="AutoTest.ClassifierTest" name="getUnifiedClassifierGuid" time="0.782"/>
  <testcase classname="AutoTest.ClassifierTest" name="getUnifiedClassifierGuidNegativeData" time="0.988"/>
  <testcase classname="AutoTest.ClassifierTest" name="getUnifiedClassifierGuidNegativeData" time="0.969"/>
  <testcase classname="AutoTest.ClassifierTest" name="getUnifiedClassifierGuidNegativeData" time="1.011"/>
  <testcase classname="AutoTest.ClassifierTest" name="getUnifiedClassifierGuidNegativeData" time="0.981"/>
  <testcase classname="AutoTest.ClassifierTest" name="getUnifiedClassifierGuidNegativeData" time="1.067"/>
  <testcase classname="AutoTest.ClassifierTest" name="getUnifiedClassifierGuidNegativeData" time="1.107"/>
  <testcase classname="AutoTest.ClassifierTest" name="getUnifiedClassifierGuidNegativeData" time="0.963"/>
  <testcase classname="AutoTest.ClassifierTest" name="getUnifiedClassifierGuidNegativeData" time="2.205"/>
  <testcase classname="AutoTest.ClassifierTest" name="getUnifiedClassifierGuidNegativeData" time="1.999"/>
  <testcase classname="AutoTest.ClassifierTest" name="getUnifiedClassifierGuidNegativeData" time="0.907"/>
  <testcase classname="AutoTest.ClassifierTest" name="getUnifiedClassifierList" time="1.775"/>
  <testcase classname="AutoTest.ClassifierTest" name="getUnifiedClassifierListNegativeData" time="1.041"/>
  <testcase classname="AutoTest.ClassifierTest" name="getUnifiedClassifierListNegativeData" time="0.935"/>
  <testcase classname="AutoTest.ClassifierTest" name="getUnifiedClassifierListNegativeData" time="1.03"/>
  <testcase classname="AutoTest.ClassifierTest" name="getUnifiedClassifierListNegativeData" time="0.986"/>
  <testcase classname="AutoTest.ClassifierTest" name="getUnifiedClassifierListNegativeData" time="1.014"/>
  <testcase classname="AutoTest.ClassifierTest" name="getUnifiedClassifierListNegativeData" time="0.96"/>
  <testcase classname="AutoTest.ClassifierTest" name="getUnifiedClassifierListNegativeData" time="1.036"/>
  <testcase classname="AutoTest.ClassifierTest" name="getUnifiedClassifierListNegativeData" time="1.007"/>
  <testcase classname="AutoTest.ClassifierTest" name="getUnifiedClassifierListNegativeData" time="0.971"/>
  <testcase classname="AutoTest.ClassifierTest" name="getUnifiedClassifierListNegativeData" time="0.985"/>
  <testcase classname="AutoTest.ClassifierTest" name="getUnifiedClassifierListNegativeData" time="1.017"/>
  <testcase classname="AutoTest.ClassifierTest" name="getUnifiedClassifierListNegativeData" time="0.987"/>
  <testcase classname="AutoTest.ClassifierTest" name="getUnifiedClassifierListNegativeData" time="0.998"/>
  <testcase classname="AutoTest.ClassifierTest" name="getUnifiedClassifierListNegativeData" time="0.997"/>
  <testcase classname="AutoTest.ClassifierTest" name="getUnifiedClassifierListPositiveStep" time="1.01"/>
  <testcase classname="AutoTest.ClassifierTest" name="getUnifiedClassifierListPositiveStep" time="1.041"/>
  <testcase classname="AutoTest.ClassifierTest" name="getUnifiedClassifierListPositiveStep" time="1.125"/>
  <testcase classname="AutoTest.ClassifierTest" name="getUnifiedClassifierListPositiveStep" time="1.103"/>
  <testcase classname="AutoTest.ClassifierTest" name="getUnifiedClassifierListPositiveStep" time="1.14"/>
  <testcase classname="AutoTest.ClassifierTest" name="getUnifiedClassifierListPositiveStep" time="1.371"/>
  <testcase classname="AutoTest.ClassifierTest" name="getUnifiedClassifierListStepIsEmpty" time="0.519"/>
  <testcase classname="AutoTest.ClassifierTest" name="getUnitsGuid" time="0.707"/>
  <testcase classname="AutoTest.ClassifierTest" name="getUnitsGuidNegativeData" time="1.062"/>
  <testcase classname="AutoTest.ClassifierTest" name="getUnitsGuidNegativeData" time="0.924"/>
  <testcase classname="AutoTest.ClassifierTest" name="getUnitsGuidNegativeData" time="1.03"/>
  <testcase classname="AutoTest.ClassifierTest" name="getUnitsGuidNegativeData" time="1.107"/>
  <testcase classname="AutoTest.ClassifierTest" name="getUnitsGuidNegativeData" time="0.846"/>
  <testcase classname="AutoTest.ClassifierTest" name="getUnitsGuidNegativeData" time="1.003"/>
  <testcase classname="AutoTest.ClassifierTest" name="getUnitsGuidNegativeData" time="0.99"/>
  <testcase classname="AutoTest.ClassifierTest" name="getUnitsGuidNegativeData" time="1.009"/>
  <testcase classname="AutoTest.ClassifierTest" name="getUnitsGuidNegativeData" time="0.987"/>
  <testcase classname="AutoTest.ClassifierTest" name="getUnitsGuidNegativeData" time="1.017"/>
  <testcase classname="AutoTest.ClassifierTest" name="getUnitsListNegativeStep" time="0.979"/>
  <testcase classname="AutoTest.ClassifierTest" name="getUnitsListNegativeStep" time="1.042"/>
  <testcase classname="AutoTest.ClassifierTest" name="getUnitsListNegativeStep" time="0.967"/>
  <testcase classname="AutoTest.ClassifierTest" name="getUnitsListNegativeStep" time="1.044"/>
  <testcase classname="AutoTest.ClassifierTest" name="getUnitsListNegativeStep" time="0.949"/>
  <testcase classname="AutoTest.ClassifierTest" name="getUnitsListNegativeStep" time="1.0"/>
  <testcase classname="AutoTest.ClassifierTest" name="getUnitsListNegativeStep" time="1.149"/>
  <testcase classname="AutoTest.ClassifierTest" name="getUnitsListNegativeStep" time="0.862"/>
  <testcase classname="AutoTest.ClassifierTest" name="getUnitsListNegativeStep" time="1.001"/>
  <testcase classname="AutoTest.ClassifierTest" name="getUnitsListNegativeStep" time="1.138"/>
  <testcase classname="AutoTest.ClassifierTest" name="getUnitsListNegativeStep" time="0.85"/>
  <testcase classname="AutoTest.ClassifierTest" name="getUnitsListNegativeStep" time="1.017"/>
  <testcase classname="AutoTest.ClassifierTest" name="getUnitsListNegativeStep" time="1.111"/>
  <testcase classname="AutoTest.ClassifierTest" name="getUnitsListNegativeStep" time="0.854"/>
  <testcase classname="AutoTest.ClassifierTest" name="getUnitsListStepEqual100" time="1.114"/>
  <testcase classname="AutoTest.ClassifierTest" name="getUnitsListStepEqual199" time="0.979"/>
  <testcase classname="AutoTest.ClassifierTest" name="getUnitsListStepIsEmpty" time="0.981"/>
  <testcase classname="AutoTest.ClassifireIsAllRussianTest" name="getOkpdGuid" time="0.952"/>
  <testcase classname="AutoTest.ClassifireIsAllRussianTest" name="getOkpdGuidNotExist" time="0.969"/>
  <testcase classname="AutoTest.ClassifireIsAllRussianTest" name="getOkpdGuidNotExist" time="1.035"/>
  <testcase classname="AutoTest.ClassifireIsAllRussianTest" name="getOkpdGuidNotExist" time="0.983"/>
  <testcase classname="AutoTest.ClassifireIsAllRussianTest" name="getOkpdGuidNotExist" time="0.982"/>
  <testcase classname="AutoTest.ClassifireIsAllRussianTest" name="getOkpdGuidNotExist" time="0.99"/>
  <testcase classname="AutoTest.ClassifireIsAllRussianTest" name="getOkpdGuidNotExist" time="1.036"/>
  <testcase classname="AutoTest.ClassifireIsAllRussianTest" name="getOkpdGuidNotExist" time="0.97"/>
  <testcase classname="AutoTest.ClassifireIsAllRussianTest" name="getOkpdGuidNotExist" time="1.002"/>
  <testcase classname="AutoTest.ClassifireIsAllRussianTest" name="getOkpdGuidNotExist" time="1.026"/>
  <testcase classname="AutoTest.ClassifireIsAllRussianTest" name="getOkpdGuidNotExist" time="0.995"/>
  <testcase classname="AutoTest.ClassifireIsAllRussianTest" name="getOkpdList" time="1.119"/>
  <testcase classname="AutoTest.ClassifireIsAllRussianTest" name="getOkpdList" time="0.893"/>
  <testcase classname="AutoTest.ClassifireIsAllRussianTest" name="getOkpdList" time="1.0"/>
  <testcase classname="AutoTest.ClassifireIsAllRussianTest" name="getOkpdList" time="1.262"/>
  <testcase classname="AutoTest.ClassifireIsAllRussianTest" name="getOkpdList" time="1.07"/>
  <testcase classname="AutoTest.ClassifireIsAllRussianTest" name="getOkpdList" time="0.913"/>
  <testcase classname="AutoTest.ClassifireIsAllRussianTest" name="getOkpdListStepIsEmpty" time="1.101"/>
  <testcase classname="AutoTest.ClassifireIsAllRussianTest" name="getOkpdListStepMaxPlus" time="0.612"/>
  <testcase classname="AutoTest.ClassifireIsAllRussianTest" name="getOkpdListStepMaxPlus" time="1.001"/>
  <testcase classname="AutoTest.ClassifireIsAllRussianTest" name="getOkpdListStepMaxPlus" time="1.059"/>
  <testcase classname="AutoTest.ClassifireIsAllRussianTest" name="getOkpdListStepMaxPlus" time="0.95"/>
  <testcase classname="AutoTest.ClassifireIsAllRussianTest" name="getOkpdListStepMaxPlus" time="1.006"/>
  <testcase classname="AutoTest.ClassifireIsAllRussianTest" name="getOkpdListStepMaxPlus" time="0.982"/>
  <testcase classname="AutoTest.ClassifireIsAllRussianTest" name="getOkpdListStepMaxPlus" time="1.08"/>
  <testcase classname="AutoTest.ClassifireIsAllRussianTest" name="getOkpdListStepMaxPlus" time="0.997"/>
  <testcase classname="AutoTest.ClassifireIsAllRussianTest" name="getOkpdListStepMaxPlus" time="0.907"/>
  <testcase classname="AutoTest.ClassifireIsAllRussianTest" name="getOkpdListStepMaxPlus" time="0.998"/>
  <testcase classname="AutoTest.ClassifireIsAllRussianTest" name="getOkpdListStepMaxPlus" time="1.008"/>
  <testcase classname="AutoTest.ClassifireIsAllRussianTest" name="getOkpdListStepMaxPlus" time="0.991"/>
  <testcase classname="AutoTest.ClassifireIsAllRussianTest" name="getOkpdListStepMaxPlus" time="0.992"/>
  <testcase classname="AutoTest.ClassifireIsAllRussianTest" name="getOkpdListStepMaxPlus" time="1.027"/>
  <testcase classname="AutoTest.ClassifireIsAllRussianTest" name="getOkvedGuid" time="1.005"/>
  <testcase classname="AutoTest.ClassifireIsAllRussianTest" name="getOkvedGuidNotExist" time="0.99"/>
  <testcase classname="AutoTest.ClassifireIsAllRussianTest" name="getOkvedGuidNotExist" time="2.017"/>
  <testcase classname="AutoTest.ClassifireIsAllRussianTest" name="getOkvedGuidNotExist" time="1.125"/>
  <testcase classname="AutoTest.ClassifireIsAllRussianTest" name="getOkvedGuidNotExist" time="0.861"/>
  <testcase classname="AutoTest.ClassifireIsAllRussianTest" name="getOkvedGuidNotExist" time="0.99"/>
  <testcase classname="AutoTest.ClassifireIsAllRussianTest" name="getOkvedGuidNotExist" time="1.152"/>
  <testcase classname="AutoTest.ClassifireIsAllRussianTest" name="getOkvedGuidNotExist" time="0.849"/>
  <testcase classname="AutoTest.ClassifireIsAllRussianTest" name="getOkvedGuidNotExist" time="0.998"/>
  <testcase classname="AutoTest.ClassifireIsAllRussianTest" name="getOkvedGuidNotExist" time="1.106"/>
  <testcase classname="AutoTest.ClassifireIsAllRussianTest" name="getOkvedGuidNotExist" time="0.907"/>
  <testcase classname="AutoTest.ClassifireIsAllRussianTest" name="getOkvedList" time="1.046"/>
  <testcase classname="AutoTest.ClassifireIsAllRussianTest" name="getOkvedList" time="1.004"/>
  <testcase classname="AutoTest.ClassifireIsAllRussianTest" name="getOkvedList" time="0.937"/>
  <testcase classname="AutoTest.ClassifireIsAllRussianTest" name="getOkvedList" time="1.244"/>
  <testcase classname="AutoTest.ClassifireIsAllRussianTest" name="getOkvedList" time="1.093"/>
  <testcase classname="AutoTest.ClassifireIsAllRussianTest" name="getOkvedList" time="1.113"/>
  <testcase classname="AutoTest.ClassifireIsAllRussianTest" name="getOkvedListStepIsEmpty" time="0.788"/>
  <testcase classname="AutoTest.ClassifireIsAllRussianTest" name="getOkvedListStepMaxPlus" time="0.747"/>
  <testcase classname="AutoTest.ClassifireIsAllRussianTest" name="getOkvedListStepMaxPlus" time="0.974"/>
  <testcase classname="AutoTest.ClassifireIsAllRussianTest" name="getOkvedListStepMaxPlus" time="1.016"/>
  <testcase classname="AutoTest.ClassifireIsAllRussianTest" name="getOkvedListStepMaxPlus" time="0.985"/>
  <testcase classname="AutoTest.ClassifireIsAllRussianTest" name="getOkvedListStepMaxPlus" time="1.05"/>
  <testcase classname="AutoTest.ClassifireIsAllRussianTest" name="getOkvedListStepMaxPlus" time="0.948"/>
  <testcase classname="AutoTest.ClassifireIsAllRussianTest" name="getOkvedListStepMaxPlus" time="1.002"/>
  <testcase classname="AutoTest.ClassifireIsAllRussianTest" name="getOkvedListStepMaxPlus" time="1.188"/>
  <testcase classname="AutoTest.ClassifireIsAllRussianTest" name="getOkvedListStepMaxPlus" time="0.822"/>
  <testcase classname="AutoTest.ClassifireIsAllRussianTest" name="getOkvedListStepMaxPlus" time="0.984"/>
  <testcase classname="AutoTest.ClassifireIsAllRussianTest" name="getOkvedListStepMaxPlus" time="1.126"/>
  <testcase classname="AutoTest.ClassifireIsAllRussianTest" name="getOkvedListStepMaxPlus" time="0.874"/>
  <testcase classname="AutoTest.ClassifireIsAllRussianTest" name="getOkvedListStepMaxPlus" time="1.007"/>
  <testcase classname="AutoTest.ClassifireIsAllRussianTest" name="getOkvedListStepMaxPlus" time="1.18"/>
  <testcase classname="AutoTest.ClassifireIsAllRussianTest" name="getTnvedGuid" time="0.857"/>
  <testcase classname="AutoTest.ClassifireIsAllRussianTest" name="getTnvedGuidNotExist" time="0.95"/>
  <testcase classname="AutoTest.ClassifireIsAllRussianTest" name="getTnvedGuidNotExist" time="1.078"/>
  <testcase classname="AutoTest.ClassifireIsAllRussianTest" name="getTnvedGuidNotExist" time="0.922"/>
  <testcase classname="AutoTest.ClassifireIsAllRussianTest" name="getTnvedGuidNotExist" time="1.008"/>
  <testcase classname="AutoTest.ClassifireIsAllRussianTest" name="getTnvedGuidNotExist" time="0.993"/>
  <testcase classname="AutoTest.ClassifireIsAllRussianTest" name="getTnvedGuidNotExist" time="0.992"/>
  <testcase classname="AutoTest.ClassifireIsAllRussianTest" name="getTnvedGuidNotExist" time="0.999"/>
  <testcase classname="AutoTest.ClassifireIsAllRussianTest" name="getTnvedGuidNotExist" time="1.005"/>
  <testcase classname="AutoTest.ClassifireIsAllRussianTest" name="getTnvedGuidNotExist" time="1.02"/>
  <testcase classname="AutoTest.ClassifireIsAllRussianTest" name="getTnvedGuidNotExist" time="0.981"/>
  <testcase classname="AutoTest.ClassifireIsAllRussianTest" name="getTnvedList" time="1.059"/>
  <testcase classname="AutoTest.ClassifireIsAllRussianTest" name="getTnvedList" time="1.003"/>
  <testcase classname="AutoTest.ClassifireIsAllRussianTest" name="getTnvedList" time="1.012"/>
  <testcase classname="AutoTest.ClassifireIsAllRussianTest" name="getTnvedList" time="1.33"/>
  <testcase classname="AutoTest.ClassifireIsAllRussianTest" name="getTnvedList" time="1.186"/>
  <testcase classname="AutoTest.ClassifireIsAllRussianTest" name="getTnvedList" time="0.897"/>
  <testcase classname="AutoTest.ClassifireIsAllRussianTest" name="getTnvedListStepIsEmpty" time="0.933"/>
  <testcase classname="AutoTest.ClassifireIsAllRussianTest" name="getTnvedListStepMaxPlus" time="0.71"/>
  <testcase classname="AutoTest.ClassifireIsAllRussianTest" name="getTnvedListStepMaxPlus" time="0.839"/>
  <testcase classname="AutoTest.ClassifireIsAllRussianTest" name="getTnvedListStepMaxPlus" time="1.019"/>
  <testcase classname="AutoTest.ClassifireIsAllRussianTest" name="getTnvedListStepMaxPlus" time="1.157"/>
  <testcase classname="AutoTest.ClassifireIsAllRussianTest" name="getTnvedListStepMaxPlus" time="0.846"/>
  <testcase classname="AutoTest.ClassifireIsAllRussianTest" name="getTnvedListStepMaxPlus" time="1.0"/>
  <testcase classname="AutoTest.ClassifireIsAllRussianTest" name="getTnvedListStepMaxPlus" time="1.078"/>
  <testcase classname="AutoTest.ClassifireIsAllRussianTest" name="getTnvedListStepMaxPlus" time="0.923"/>
  <testcase classname="AutoTest.ClassifireIsAllRussianTest" name="getTnvedListStepMaxPlus" time="1.0"/>
  <testcase classname="AutoTest.ClassifireIsAllRussianTest" name="getTnvedListStepMaxPlus" time="1.0"/>
  <testcase classname="AutoTest.ClassifireIsAllRussianTest" name="getTnvedListStepMaxPlus" time="0.995"/>
  <testcase classname="AutoTest.ClassifireIsAllRussianTest" name="getTnvedListStepMaxPlus" time="0.99"/>
  <testcase classname="AutoTest.ClassifireIsAllRussianTest" name="getTnvedListStepMaxPlus" time="1.007"/>
  <testcase classname="AutoTest.ClassifireIsAllRussianTest" name="getTnvedListStepMaxPlus" time="0.988"/>
  <testcase classname="AutoTest.NomenclatureTest" name="getBasicServicesGuid" time="1.056"/>
  <testcase classname="AutoTest.NomenclatureTest" name="getBasicServicesGuidDataProvider" time="0.943"/>
  <testcase classname="AutoTest.NomenclatureTest" name="getBasicServicesGuidDataProvider" time="1.302"/>
  <testcase classname="AutoTest.NomenclatureTest" name="getBasicServicesGuidDataProvider" time="44.416"/>
  <testcase classname="AutoTest.NomenclatureTest" name="getBasicServicesGuidDataProvider" time="1.285"/>
  <testcase classname="AutoTest.NomenclatureTest" name="getBasicServicesGuidDataProvider" time="1.013"/>
  <testcase classname="AutoTest.NomenclatureTest" name="getBasicServicesGuidDataProvider" time="1.008"/>
  <testcase classname="AutoTest.NomenclatureTest" name="getBasicServicesGuidDataProvider" time="0.972"/>
  <testcase classname="AutoTest.NomenclatureTest" name="getBasicServicesGuidDataProvider" time="0.995"/>
  <testcase classname="AutoTest.NomenclatureTest" name="getBasicServicesGuidDataProvider" time="1.258"/>
  <testcase classname="AutoTest.NomenclatureTest" name="getBasicServicesGuidDataProvider" time="3.513"/>
  <testcase classname="AutoTest.NomenclatureTest" name="getNomenclatureGuid" time="2.053"/>
  <testcase classname="AutoTest.NomenclatureTest" name="getNomenclatureGuidDataProvider" time="1.43"/>
  <testcase classname="AutoTest.NomenclatureTest" name="getNomenclatureGuidDataProvider" time="1.912"/>
  <testcase classname="AutoTest.NomenclatureTest" name="getNomenclatureGuidDataProvider" time="0.912"/>
  <testcase classname="AutoTest.NomenclatureTest" name="getNomenclatureGuidDataProvider" time="1.041"/>
  <testcase classname="AutoTest.NomenclatureTest" name="getNomenclatureGuidDataProvider" time="1.323"/>
  <testcase classname="AutoTest.NomenclatureTest" name="getNomenclatureGuidDataProvider" time="1.774"/>
  <testcase classname="AutoTest.NomenclatureTest" name="getNomenclatureGuidDataProvider" time="0.881"/>
  <testcase classname="AutoTest.NomenclatureTest" name="getNomenclatureGuidDataProvider" time="1.272"/>
  <testcase classname="AutoTest.NomenclatureTest" name="getNomenclatureGuidDataProvider" time="0.948"/>
  <testcase classname="AutoTest.NomenclatureTest" name="getNomenclatureGuidDataProvider" time="5.224"/>
  <testcase classname="AutoTest.NomenclatureTest" name="getNomenclatureSearchBodyIsEmpty" time="7.687"/>
  <testcase classname="AutoTest.NomenclatureTest" name="getNomenclatureSearchBodyIsEmpty" time="3.194"/>
  <testcase classname="AutoTest.NomenclatureTest" name="getNomenclatureSearchBodyIsEmpty" time="5.257"/>
  <testcase classname="AutoTest.NomenclatureTest" name="getNomenclatureSearchBodyIsEmpty" time="5.382"/>
  <testcase classname="AutoTest.NomenclatureTest" name="getNomenclatureSearchBodyIsEmpty" time="1.231"/>
  <testcase classname="AutoTest.NomenclatureTest" name="getNomenclatureSearchBodyIsEmpty" time="1.178"/>
  <testcase classname="AutoTest.NomenclatureTest" name="getNomenclatureSearchBodyIsEmpty" time="0.832">
    <failure type="java.lang.AssertionError" message="1 expectation failed.
JSON path size() doesn&amp;apos;t match.
Expected: is &amp;lt;0&amp;gt;
  Actual: &amp;lt;5&amp;gt;
">
      <![CDATA[java.lang.AssertionError: 1 expectation failed.
JSON path size() doesn't match.
Expected: is <0>
  Actual: <5>

at org.codehaus.groovy.runtime.callsite.ConstructorSite$ConstructorSiteNoUnwrapNoCoerce.callConstructor(ConstructorSite.java:108)
at org.codehaus.groovy.runtime.callsite.AbstractCallSite.callConstructor(AbstractCallSite.java:277)
at io.restassured.internal.ResponseSpecificationImpl$HamcrestAssertionClosure.validate(ResponseSpecificationImpl.groovy:512)
at io.restassured.internal.ResponseSpecificationImpl$HamcrestAssertionClosure$validate$1.call(Unknown Source)
at io.restassured.internal.ResponseSpecificationImpl.validateResponseIfRequired(ResponseSpecificationImpl.groovy:696)
at io.restassured.internal.ResponseSpecificationImpl.this$2$validateResponseIfRequired(ResponseSpecificationImpl.groovy)
at org.codehaus.groovy.runtime.callsite.PlainObjectMetaMethodSite.doInvoke(PlainObjectMetaMethodSite.java:43)
at org.codehaus.groovy.runtime.callsite.PogoMetaMethodSite$PogoCachedMethodSiteNoUnwrapNoCoerce.invoke(PogoMetaMethodSite.java:198)
at org.codehaus.groovy.runtime.callsite.PogoMetaMethodSite.callCurrent(PogoMetaMethodSite.java:62)
at org.codehaus.groovy.runtime.callsite.AbstractCallSite.callCurrent(AbstractCallSite.java:185)
at io.restassured.internal.ResponseSpecificationImpl.body(ResponseSpecificationImpl.groovy:270)
at io.restassured.specification.ResponseSpecification$body$2.callCurrent(Unknown Source)
at io.restassured.internal.ResponseSpecificationImpl.body(ResponseSpecificationImpl.groovy:117)
at io.restassured.internal.ValidatableResponseOptionsImpl.body(ValidatableResponseOptionsImpl.java:244)
at AutoTest.NomenclatureTest.getNomenclatureSearchBodyIsEmpty(NomenclatureTest.java:194)
at java.base/java.util.ArrayList.forEach(ArrayList.java:1511)
... Removed 35 stack frames]]>
    </failure>
  </testcase> <!-- getNomenclatureSearchBodyIsEmpty -->
  <testcase classname="AutoTest.NomenclatureTest" name="getNomenclatureSearchBodyIsEmpty" time="1.062"/>
  <testcase classname="AutoTest.NomenclatureTest" name="getNomenclatureSearchBodyIsEmpty" time="1.851"/>
  <testcase classname="AutoTest.NomenclatureTest" name="getNomenclatureSearchBodyIsEmpty" time="1.206"/>
  <testcase classname="AutoTest.NomenclatureTest" name="getNomenclatureSearchBodyIsEmpty" time="3.774">
    <failure type="java.lang.AssertionError" message="1 expectation failed.
JSON path size() doesn&amp;apos;t match.
Expected: is &amp;lt;0&amp;gt;
  Actual: &amp;lt;5&amp;gt;
">
      <![CDATA[java.lang.AssertionError: 1 expectation failed.
JSON path size() doesn't match.
Expected: is <0>
  Actual: <5>

at org.codehaus.groovy.runtime.callsite.ConstructorSite$ConstructorSiteNoUnwrapNoCoerce.callConstructor(ConstructorSite.java:108)
at org.codehaus.groovy.runtime.callsite.AbstractCallSite.callConstructor(AbstractCallSite.java:277)
at io.restassured.internal.ResponseSpecificationImpl$HamcrestAssertionClosure.validate(ResponseSpecificationImpl.groovy:512)
at io.restassured.internal.ResponseSpecificationImpl$HamcrestAssertionClosure$validate$1.call(Unknown Source)
at io.restassured.internal.ResponseSpecificationImpl.validateResponseIfRequired(ResponseSpecificationImpl.groovy:696)
at io.restassured.internal.ResponseSpecificationImpl.this$2$validateResponseIfRequired(ResponseSpecificationImpl.groovy)
at org.codehaus.groovy.runtime.callsite.PlainObjectMetaMethodSite.doInvoke(PlainObjectMetaMethodSite.java:43)
at org.codehaus.groovy.runtime.callsite.PogoMetaMethodSite$PogoCachedMethodSiteNoUnwrapNoCoerce.invoke(PogoMetaMethodSite.java:198)
at org.codehaus.groovy.runtime.callsite.PogoMetaMethodSite.callCurrent(PogoMetaMethodSite.java:62)
at org.codehaus.groovy.runtime.callsite.AbstractCallSite.callCurrent(AbstractCallSite.java:185)
at io.restassured.internal.ResponseSpecificationImpl.body(ResponseSpecificationImpl.groovy:270)
at io.restassured.specification.ResponseSpecification$body$2.callCurrent(Unknown Source)
at io.restassured.internal.ResponseSpecificationImpl.body(ResponseSpecificationImpl.groovy:117)
at io.restassured.internal.ValidatableResponseOptionsImpl.body(ValidatableResponseOptionsImpl.java:244)
at AutoTest.NomenclatureTest.getNomenclatureSearchBodyIsEmpty(NomenclatureTest.java:194)
at java.base/java.util.ArrayList.forEach(ArrayList.java:1511)
... Removed 35 stack frames]]>
    </failure>
  </testcase> <!-- getNomenclatureSearchBodyIsEmpty -->
  <testcase classname="AutoTest.NomenclatureTest" name="getNomenclatureSearchBodyIsEmpty" time="0.838"/>
  <testcase classname="AutoTest.NomenclatureTest" name="getNomenclatureSearchBodyIsEmpty" time="1.015"/>
  <testcase classname="AutoTest.NomenclatureTest" name="getNomenclatureSearchBodyIsEmpty" time="0.994"/>
  <testcase classname="AutoTest.NomenclatureTest" name="getNomenclatureSearchBodyIsEmpty" time="0.986"/>
  <testcase classname="AutoTest.NomenclatureTest" name="getNomenclatureSearchDataProvider" time="1.104"/>
  <testcase classname="AutoTest.NomenclatureTest" name="getNomenclatureSearchDataProvider" time="0.915"/>
  <testcase classname="AutoTest.NomenclatureTest" name="getNomenclatureSearchDataProvider" time="1.875"/>
  <testcase classname="AutoTest.NomenclatureTest" name="getNomenclatureSearchDataProvider" time="1.24"/>
  <testcase classname="AutoTest.NomenclatureTest" name="getNomenclatureSearchDataProvider" time="2.652"/>
  <testcase classname="AutoTest.NomenclatureTest" name="getNomenclatureSearchNegative" time="1.173"/>
  <testcase classname="AutoTest.NomenclatureTest" name="getNomenclatureSearchNegative" time="0.994"/>
  <testcase classname="AutoTest.NomenclatureTest" name="getNomenclatureSearchNegative" time="1.023"/>
  <testcase classname="AutoTest.NomenclatureTest" name="getNomenclatureSearchNegative" time="1.163"/>
  <testcase classname="AutoTest.NomenclatureTest" name="getNomenclatureSearchNegative" time="0.843"/>
  <testcase classname="AutoTest.NomenclatureTest" name="getNomenclatureSearchNegative" time="0.965"/>
  <testcase classname="AutoTest.NomenclatureTest" name="getNomenclatureSearchNegative" time="1.05"/>
  <testcase classname="AutoTest.NomenclatureTest" name="getNomenclatureSearchNegative" time="0.974"/>
  <testcase classname="AutoTest.NomenclatureTest" name="getNomenclatureSearchNegative" time="1.078"/>
  <testcase classname="AutoTest.NomenclatureTest" name="getNomenclatureSearchNegative" time="1.058"/>
  <testcase classname="AutoTest.NomenclatureTest" name="getNomenclatureSearchNegative" time="0.864"/>
  <testcase classname="AutoTest.NomenclatureTest" name="getNomenclatureSearchNegative" time="0.98"/>
  <testcase classname="AutoTest.NomenclatureTest" name="getNomenclatureSearchNegative" time="1.08"/>
  <testcase classname="AutoTest.NomenclatureTest" name="getNomenclatureSearchNegative" time="1.086"/>
  <testcase classname="AutoTest.NomenclatureTest" name="getNomenclatureSearchNegative" time="0.912"/>
  <testcase classname="AutoTest.NomenclatureTest" name="getNomenclatureSearchNegative" time="1.027"/>
  <testcase classname="AutoTest.NomenclatureTest" name="getNomenclatureSearchNegative" time="0.983"/>
  <testcase classname="AutoTest.NomenclatureTest" name="getNomenclatureSearchNegative" time="0.923"/>
  <testcase classname="AutoTest.NomenclatureTest" name="getNomenclatureSearchNegative" time="0.975"/>
  <testcase classname="AutoTest.NomenclatureTest" name="getNomenclatureSearchNegative" time="1.074"/>
  <testcase classname="AutoTest.NomenclatureTest" name="getNomenclatureSearchNegative" time="0.964"/>
  <testcase classname="AutoTest.NomenclatureTest" name="getNomenclatureSearchType1" time="2.93"/>
  <testcase classname="Test.TestPostRequest" name="postNomenclatureChangeRequestMapIsEmptyObject" time="1.043"/>
  <testcase classname="Test.TestPostRequest" name="postNomenclatureChangeRequestMapMaxPlusType3" time="1.176"/>
  <testcase classname="Test.TestPostRequest" name="postNomenclatureChangeRequestMapMaxType3" time="4.588"/>
  <testcase classname="Test.TestPostRequest" name="postNomenclatureChangeRequestMapMinType3" time="0.203">
    <failure type="java.lang.AssertionError" message="1 expectation failed.
Expected status code &amp;lt;200&amp;gt; but was &amp;lt;400&amp;gt;.
">
      <![CDATA[java.lang.AssertionError: 1 expectation failed.
Expected status code <200> but was <400>.

at org.codehaus.groovy.runtime.callsite.ConstructorSite$ConstructorSiteNoUnwrapNoCoerce.callConstructor(ConstructorSite.java:108)
at org.codehaus.groovy.runtime.callsite.AbstractCallSite.callConstructor(AbstractCallSite.java:277)
at io.restassured.internal.ResponseSpecificationImpl$HamcrestAssertionClosure.validate(ResponseSpecificationImpl.groovy:512)
at io.restassured.internal.ResponseSpecificationImpl$HamcrestAssertionClosure$validate$1.call(Unknown Source)
at io.restassured.internal.RequestSpecificationImpl.applyPathParamsAndSendRequest(RequestSpecificationImpl.groovy:1705)
at io.restassured.internal.RequestSpecificationImpl.this$2$applyPathParamsAndSendRequest(RequestSpecificationImpl.groovy)
at groovy.lang.MetaMethod.doMethodInvoke(MetaMethod.java:328)
at groovy.lang.MetaClassImpl.doInvokeMethod(MetaClassImpl.java:1348)
at groovy.lang.MetaClassImpl.invokeMethod(MetaClassImpl.java:1103)
at groovy.lang.MetaClassImpl.invokeMethod(MetaClassImpl.java:1009)
at groovy.lang.MetaClassImpl.invokeMethod(MetaClassImpl.java:792)
at io.restassured.internal.RequestSpecificationImpl.invokeMethod(RequestSpecificationImpl.groovy)
at org.codehaus.groovy.runtime.callsite.PogoInterceptableSite.call(PogoInterceptableSite.java:46)
at org.codehaus.groovy.runtime.callsite.PogoInterceptableSite.callCurrent(PogoInterceptableSite.java:57)
at org.codehaus.groovy.runtime.callsite.AbstractCallSite.callCurrent(AbstractCallSite.java:203)
at io.restassured.internal.RequestSpecificationImpl.applyPathParamsAndSendRequest(RequestSpecificationImpl.groovy:1710)
at io.restassured.internal.RequestSpecificationImpl.this$2$applyPathParamsAndSendRequest(RequestSpecificationImpl.groovy)
at groovy.lang.MetaMethod.doMethodInvoke(MetaMethod.java:328)
at groovy.lang.MetaClassImpl.doInvokeMethod(MetaClassImpl.java:1348)
at groovy.lang.MetaClassImpl.invokeMethod(MetaClassImpl.java:1103)
at groovy.lang.MetaClassImpl.invokeMethod(MetaClassImpl.java:1009)
at groovy.lang.MetaClassImpl.invokeMethod(MetaClassImpl.java:792)
at io.restassured.internal.RequestSpecificationImpl.invokeMethod(RequestSpecificationImpl.groovy)
at org.codehaus.groovy.runtime.callsite.PogoInterceptableSite.call(PogoInterceptableSite.java:46)
at org.codehaus.groovy.runtime.callsite.PogoInterceptableSite.callCurrent(PogoInterceptableSite.java:57)
at org.codehaus.groovy.runtime.callsite.AbstractCallSite.callCurrent(AbstractCallSite.java:203)
at io.restassured.internal.RequestSpecificationImpl.post(RequestSpecificationImpl.groovy:176)
at io.restassured.internal.RequestSpecificationImpl.post(RequestSpecificationImpl.groovy)
at Test.TestPostRequest.postNomenclatureChangeRequestMapMinType3(TestPostRequest.java:445)
at java.base/java.util.ArrayList.forEach(ArrayList.java:1511)
... Removed 39 stack frames]]>
    </failure>
  </testcase> <!-- postNomenclatureChangeRequestMapMinType3 -->
  <testcase classname="Test.TestPostRequest" name="postNomenclatureChangeRequestMapType1" time="1.0">
    <failure type="java.lang.AssertionError" message="1 expectation failed.
Expected status code &amp;lt;200&amp;gt; but was &amp;lt;400&amp;gt;.
">
      <![CDATA[java.lang.AssertionError: 1 expectation failed.
Expected status code <200> but was <400>.

at org.codehaus.groovy.runtime.callsite.ConstructorSite$ConstructorSiteNoUnwrapNoCoerce.callConstructor(ConstructorSite.java:108)
at org.codehaus.groovy.runtime.callsite.AbstractCallSite.callConstructor(AbstractCallSite.java:277)
at io.restassured.internal.ResponseSpecificationImpl$HamcrestAssertionClosure.validate(ResponseSpecificationImpl.groovy:512)
at io.restassured.internal.ResponseSpecificationImpl$HamcrestAssertionClosure$validate$1.call(Unknown Source)
at io.restassured.internal.RequestSpecificationImpl.applyPathParamsAndSendRequest(RequestSpecificationImpl.groovy:1705)
at io.restassured.internal.RequestSpecificationImpl.this$2$applyPathParamsAndSendRequest(RequestSpecificationImpl.groovy)
at groovy.lang.MetaMethod.doMethodInvoke(MetaMethod.java:328)
at groovy.lang.MetaClassImpl.doInvokeMethod(MetaClassImpl.java:1348)
at groovy.lang.MetaClassImpl.invokeMethod(MetaClassImpl.java:1103)
at groovy.lang.MetaClassImpl.invokeMethod(MetaClassImpl.java:1009)
at groovy.lang.MetaClassImpl.invokeMethod(MetaClassImpl.java:792)
at io.restassured.internal.RequestSpecificationImpl.invokeMethod(RequestSpecificationImpl.groovy)
at org.codehaus.groovy.runtime.callsite.PogoInterceptableSite.call(PogoInterceptableSite.java:46)
at org.codehaus.groovy.runtime.callsite.PogoInterceptableSite.callCurrent(PogoInterceptableSite.java:57)
at org.codehaus.groovy.runtime.callsite.AbstractCallSite.callCurrent(AbstractCallSite.java:203)
at io.restassured.internal.RequestSpecificationImpl.applyPathParamsAndSendRequest(RequestSpecificationImpl.groovy:1710)
at io.restassured.internal.RequestSpecificationImpl.this$2$applyPathParamsAndSendRequest(RequestSpecificationImpl.groovy)
at groovy.lang.MetaMethod.doMethodInvoke(MetaMethod.java:328)
at groovy.lang.MetaClassImpl.doInvokeMethod(MetaClassImpl.java:1348)
at groovy.lang.MetaClassImpl.invokeMethod(MetaClassImpl.java:1103)
at groovy.lang.MetaClassImpl.invokeMethod(MetaClassImpl.java:1009)
at groovy.lang.MetaClassImpl.invokeMethod(MetaClassImpl.java:792)
at io.restassured.internal.RequestSpecificationImpl.invokeMethod(RequestSpecificationImpl.groovy)
at org.codehaus.groovy.runtime.callsite.PogoInterceptableSite.call(PogoInterceptableSite.java:46)
at org.codehaus.groovy.runtime.callsite.PogoInterceptableSite.callCurrent(PogoInterceptableSite.java:57)
at org.codehaus.groovy.runtime.callsite.AbstractCallSite.callCurrent(AbstractCallSite.java:203)
at io.restassured.internal.RequestSpecificationImpl.post(RequestSpecificationImpl.groovy:176)
at io.restassured.internal.RequestSpecificationImpl.post(RequestSpecificationImpl.groovy)
at Test.TestPostRequest.postNomenclatureChangeRequestMapType1(TestPostRequest.java:175)
at java.base/java.util.ArrayList.forEach(ArrayList.java:1511)
... Removed 39 stack frames]]>
    </failure>
  </testcase> <!-- postNomenclatureChangeRequestMapType1 -->
  <testcase classname="Test.TestPostRequest" name="postNomenclatureChangeRequestMapType1NotExist" time="1.072"/>
  <testcase classname="Test.TestPostRequest" name="postNomenclatureChangeRequestMapType1_AbsentFields" time="0.986"/>
  <testcase classname="Test.TestPostRequest" name="postNomenclatureChangeRequestMapType1_ExtraRequiredFields" time="0.955">
    <failure type="java.lang.AssertionError" message="1 expectation failed.
Expected status code &amp;lt;200&amp;gt; but was &amp;lt;400&amp;gt;.
">
      <![CDATA[java.lang.AssertionError: 1 expectation failed.
Expected status code <200> but was <400>.

at org.codehaus.groovy.runtime.callsite.ConstructorSite$ConstructorSiteNoUnwrapNoCoerce.callConstructor(ConstructorSite.java:108)
at org.codehaus.groovy.runtime.callsite.AbstractCallSite.callConstructor(AbstractCallSite.java:277)
at io.restassured.internal.ResponseSpecificationImpl$HamcrestAssertionClosure.validate(ResponseSpecificationImpl.groovy:512)
at io.restassured.internal.ResponseSpecificationImpl$HamcrestAssertionClosure$validate$1.call(Unknown Source)
at io.restassured.internal.RequestSpecificationImpl.applyPathParamsAndSendRequest(RequestSpecificationImpl.groovy:1705)
at io.restassured.internal.RequestSpecificationImpl.this$2$applyPathParamsAndSendRequest(RequestSpecificationImpl.groovy)
at groovy.lang.MetaMethod.doMethodInvoke(MetaMethod.java:328)
at groovy.lang.MetaClassImpl.doInvokeMethod(MetaClassImpl.java:1348)
at groovy.lang.MetaClassImpl.invokeMethod(MetaClassImpl.java:1103)
at groovy.lang.MetaClassImpl.invokeMethod(MetaClassImpl.java:1009)
at groovy.lang.MetaClassImpl.invokeMethod(MetaClassImpl.java:792)
at io.restassured.internal.RequestSpecificationImpl.invokeMethod(RequestSpecificationImpl.groovy)
at org.codehaus.groovy.runtime.callsite.PogoInterceptableSite.call(PogoInterceptableSite.java:46)
at org.codehaus.groovy.runtime.callsite.PogoInterceptableSite.callCurrent(PogoInterceptableSite.java:57)
at org.codehaus.groovy.runtime.callsite.AbstractCallSite.callCurrent(AbstractCallSite.java:203)
at io.restassured.internal.RequestSpecificationImpl.applyPathParamsAndSendRequest(RequestSpecificationImpl.groovy:1710)
at io.restassured.internal.RequestSpecificationImpl.this$2$applyPathParamsAndSendRequest(RequestSpecificationImpl.groovy)
at groovy.lang.MetaMethod.doMethodInvoke(MetaMethod.java:328)
at groovy.lang.MetaClassImpl.doInvokeMethod(MetaClassImpl.java:1348)
at groovy.lang.MetaClassImpl.invokeMethod(MetaClassImpl.java:1103)
at groovy.lang.MetaClassImpl.invokeMethod(MetaClassImpl.java:1009)
at groovy.lang.MetaClassImpl.invokeMethod(MetaClassImpl.java:792)
at io.restassured.internal.RequestSpecificationImpl.invokeMethod(RequestSpecificationImpl.groovy)
at org.codehaus.groovy.runtime.callsite.PogoInterceptableSite.call(PogoInterceptableSite.java:46)
at org.codehaus.groovy.runtime.callsite.PogoInterceptableSite.callCurrent(PogoInterceptableSite.java:57)
at org.codehaus.groovy.runtime.callsite.AbstractCallSite.callCurrent(AbstractCallSite.java:203)
at io.restassured.internal.RequestSpecificationImpl.post(RequestSpecificationImpl.groovy:176)
at io.restassured.internal.RequestSpecificationImpl.post(RequestSpecificationImpl.groovy)
at Test.TestPostRequest.postNomenclatureChangeRequestMapType1_ExtraRequiredFields(TestPostRequest.java:903)
at java.base/java.util.ArrayList.forEach(ArrayList.java:1511)
... Removed 39 stack frames]]>
    </failure>
  </testcase> <!-- postNomenclatureChangeRequestMapType1_ExtraRequiredFields -->
  <testcase classname="Test.TestPostRequest" name="postNomenclatureChangeRequestMapType1_RequiredFields" time="1.014">
    <failure type="java.lang.AssertionError" message="1 expectation failed.
Expected status code &amp;lt;200&amp;gt; but was &amp;lt;400&amp;gt;.
">
      <![CDATA[java.lang.AssertionError: 1 expectation failed.
Expected status code <200> but was <400>.

at org.codehaus.groovy.runtime.callsite.ConstructorSite$ConstructorSiteNoUnwrapNoCoerce.callConstructor(ConstructorSite.java:108)
at org.codehaus.groovy.runtime.callsite.AbstractCallSite.callConstructor(AbstractCallSite.java:277)
at io.restassured.internal.ResponseSpecificationImpl$HamcrestAssertionClosure.validate(ResponseSpecificationImpl.groovy:512)
at io.restassured.internal.ResponseSpecificationImpl$HamcrestAssertionClosure$validate$1.call(Unknown Source)
at io.restassured.internal.RequestSpecificationImpl.applyPathParamsAndSendRequest(RequestSpecificationImpl.groovy:1705)
at io.restassured.internal.RequestSpecificationImpl.this$2$applyPathParamsAndSendRequest(RequestSpecificationImpl.groovy)
at groovy.lang.MetaMethod.doMethodInvoke(MetaMethod.java:328)
at groovy.lang.MetaClassImpl.doInvokeMethod(MetaClassImpl.java:1348)
at groovy.lang.MetaClassImpl.invokeMethod(MetaClassImpl.java:1103)
at groovy.lang.MetaClassImpl.invokeMethod(MetaClassImpl.java:1009)
at groovy.lang.MetaClassImpl.invokeMethod(MetaClassImpl.java:792)
at io.restassured.internal.RequestSpecificationImpl.invokeMethod(RequestSpecificationImpl.groovy)
at org.codehaus.groovy.runtime.callsite.PogoInterceptableSite.call(PogoInterceptableSite.java:46)
at org.codehaus.groovy.runtime.callsite.PogoInterceptableSite.callCurrent(PogoInterceptableSite.java:57)
at org.codehaus.groovy.runtime.callsite.AbstractCallSite.callCurrent(AbstractCallSite.java:203)
at io.restassured.internal.RequestSpecificationImpl.applyPathParamsAndSendRequest(RequestSpecificationImpl.groovy:1710)
at io.restassured.internal.RequestSpecificationImpl.this$2$applyPathParamsAndSendRequest(RequestSpecificationImpl.groovy)
at groovy.lang.MetaMethod.doMethodInvoke(MetaMethod.java:328)
at groovy.lang.MetaClassImpl.doInvokeMethod(MetaClassImpl.java:1348)
at groovy.lang.MetaClassImpl.invokeMethod(MetaClassImpl.java:1103)
at groovy.lang.MetaClassImpl.invokeMethod(MetaClassImpl.java:1009)
at groovy.lang.MetaClassImpl.invokeMethod(MetaClassImpl.java:792)
at io.restassured.internal.RequestSpecificationImpl.invokeMethod(RequestSpecificationImpl.groovy)
at org.codehaus.groovy.runtime.callsite.PogoInterceptableSite.call(PogoInterceptableSite.java:46)
at org.codehaus.groovy.runtime.callsite.PogoInterceptableSite.callCurrent(PogoInterceptableSite.java:57)
at org.codehaus.groovy.runtime.callsite.AbstractCallSite.callCurrent(AbstractCallSite.java:203)
at io.restassured.internal.RequestSpecificationImpl.post(RequestSpecificationImpl.groovy:176)
at io.restassured.internal.RequestSpecificationImpl.post(RequestSpecificationImpl.groovy)
at Test.TestPostRequest.postNomenclatureChangeRequestMapType1_RequiredFields(TestPostRequest.java:286)
at java.base/java.util.ArrayList.forEach(ArrayList.java:1511)
... Removed 39 stack frames]]>
    </failure>
  </testcase> <!-- postNomenclatureChangeRequestMapType1_RequiredFields -->
  <testcase classname="Test.TestPostRequest" name="postNomenclatureChangeRequestMapType1_RequiredFieldsIsEmpty" time="1.0"/>
  <testcase classname="Test.TestPostRequest" name="postNomenclatureChangeRequestMapType3" time="0.978">
    <failure type="java.lang.AssertionError" message="1 expectation failed.
Expected status code &amp;lt;200&amp;gt; but was &amp;lt;400&amp;gt;.
">
      <![CDATA[java.lang.AssertionError: 1 expectation failed.
Expected status code <200> but was <400>.

at org.codehaus.groovy.runtime.callsite.ConstructorSite$ConstructorSiteNoUnwrapNoCoerce.callConstructor(ConstructorSite.java:108)
at org.codehaus.groovy.runtime.callsite.AbstractCallSite.callConstructor(AbstractCallSite.java:277)
at io.restassured.internal.ResponseSpecificationImpl$HamcrestAssertionClosure.validate(ResponseSpecificationImpl.groovy:512)
at io.restassured.internal.ResponseSpecificationImpl$HamcrestAssertionClosure$validate$1.call(Unknown Source)
at io.restassured.internal.RequestSpecificationImpl.applyPathParamsAndSendRequest(RequestSpecificationImpl.groovy:1705)
at io.restassured.internal.RequestSpecificationImpl.this$2$applyPathParamsAndSendRequest(RequestSpecificationImpl.groovy)
at groovy.lang.MetaMethod.doMethodInvoke(MetaMethod.java:328)
at groovy.lang.MetaClassImpl.doInvokeMethod(MetaClassImpl.java:1348)
at groovy.lang.MetaClassImpl.invokeMethod(MetaClassImpl.java:1103)
at groovy.lang.MetaClassImpl.invokeMethod(MetaClassImpl.java:1009)
at groovy.lang.MetaClassImpl.invokeMethod(MetaClassImpl.java:792)
at io.restassured.internal.RequestSpecificationImpl.invokeMethod(RequestSpecificationImpl.groovy)
at org.codehaus.groovy.runtime.callsite.PogoInterceptableSite.call(PogoInterceptableSite.java:46)
at org.codehaus.groovy.runtime.callsite.PogoInterceptableSite.callCurrent(PogoInterceptableSite.java:57)
at org.codehaus.groovy.runtime.callsite.AbstractCallSite.callCurrent(AbstractCallSite.java:203)
at io.restassured.internal.RequestSpecificationImpl.applyPathParamsAndSendRequest(RequestSpecificationImpl.groovy:1710)
at io.restassured.internal.RequestSpecificationImpl.this$2$applyPathParamsAndSendRequest(RequestSpecificationImpl.groovy)
at groovy.lang.MetaMethod.doMethodInvoke(MetaMethod.java:328)
at groovy.lang.MetaClassImpl.doInvokeMethod(MetaClassImpl.java:1348)
at groovy.lang.MetaClassImpl.invokeMethod(MetaClassImpl.java:1103)
at groovy.lang.MetaClassImpl.invokeMethod(MetaClassImpl.java:1009)
at groovy.lang.MetaClassImpl.invokeMethod(MetaClassImpl.java:792)
at io.restassured.internal.RequestSpecificationImpl.invokeMethod(RequestSpecificationImpl.groovy)
at org.codehaus.groovy.runtime.callsite.PogoInterceptableSite.call(PogoInterceptableSite.java:46)
at org.codehaus.groovy.runtime.callsite.PogoInterceptableSite.callCurrent(PogoInterceptableSite.java:57)
at org.codehaus.groovy.runtime.callsite.AbstractCallSite.callCurrent(AbstractCallSite.java:203)
at io.restassured.internal.RequestSpecificationImpl.post(RequestSpecificationImpl.groovy:176)
at io.restassured.internal.RequestSpecificationImpl.post(RequestSpecificationImpl.groovy)
at Test.TestPostRequest.postNomenclatureChangeRequestMapType3(TestPostRequest.java:209)
at java.base/java.util.ArrayList.forEach(ArrayList.java:1511)
... Removed 39 stack frames]]>
    </failure>
  </testcase> <!-- postNomenclatureChangeRequestMapType3 -->
  <testcase classname="Test.TestPostRequest" name="postNomenclatureChangeRequestMapType3AbsentFields" time="1.102"/>
  <testcase classname="Test.TestPostRequest" name="postNomenclatureChangeRequestMapType3ExtraRequiredFields" time="0.936">
    <failure type="java.lang.AssertionError" message="1 expectation failed.
JSON path guid doesn&amp;apos;t match.
Expected: a CharSequence with length &amp;lt;36&amp;gt;
  Actual: null
">
      <![CDATA[java.lang.AssertionError: 1 expectation failed.
JSON path guid doesn't match.
Expected: a CharSequence with length <36>
  Actual: null

at org.codehaus.groovy.runtime.callsite.ConstructorSite$ConstructorSiteNoUnwrapNoCoerce.callConstructor(ConstructorSite.java:108)
at org.codehaus.groovy.runtime.callsite.AbstractCallSite.callConstructor(AbstractCallSite.java:277)
at io.restassured.internal.ResponseSpecificationImpl$HamcrestAssertionClosure.validate(ResponseSpecificationImpl.groovy:512)
at io.restassured.internal.ResponseSpecificationImpl$HamcrestAssertionClosure$validate$1.call(Unknown Source)
at io.restassured.internal.ResponseSpecificationImpl.validateResponseIfRequired(ResponseSpecificationImpl.groovy:696)
at io.restassured.internal.ResponseSpecificationImpl.this$2$validateResponseIfRequired(ResponseSpecificationImpl.groovy)
at org.codehaus.groovy.runtime.callsite.PlainObjectMetaMethodSite.doInvoke(PlainObjectMetaMethodSite.java:43)
at org.codehaus.groovy.runtime.callsite.PogoMetaMethodSite$PogoCachedMethodSiteNoUnwrapNoCoerce.invoke(PogoMetaMethodSite.java:198)
at org.codehaus.groovy.runtime.callsite.PogoMetaMethodSite.callCurrent(PogoMetaMethodSite.java:62)
at org.codehaus.groovy.runtime.callsite.AbstractCallSite.callCurrent(AbstractCallSite.java:185)
at io.restassured.internal.ResponseSpecificationImpl.body(ResponseSpecificationImpl.groovy:270)
at io.restassured.specification.ResponseSpecification$body$2.callCurrent(Unknown Source)
at org.codehaus.groovy.runtime.callsite.CallSiteArray.defaultCallCurrent(CallSiteArray.java:49)
at io.restassured.specification.ResponseSpecification$body$2.callCurrent(Unknown Source)
at io.restassured.internal.ResponseSpecificationImpl.body(ResponseSpecificationImpl.groovy:117)
at io.restassured.internal.ValidatableResponseOptionsImpl.body(ValidatableResponseOptionsImpl.java:244)
at Test.TestPostRequest.postNomenclatureChangeRequestMapType3ExtraRequiredFields(TestPostRequest.java:940)
at java.base/java.util.ArrayList.forEach(ArrayList.java:1511)
... Removed 35 stack frames]]>
    </failure>
  </testcase> <!-- postNomenclatureChangeRequestMapType3ExtraRequiredFields -->
  <testcase classname="Test.TestPostRequest" name="postNomenclatureChangeRequestMapType3NotExist" time="1.074"/>
  <testcase classname="Test.TestPostRequest" name="postNomenclatureChangeRequestMapType3RequiredFields" time="0.884">
    <failure type="java.lang.AssertionError" message="1 expectation failed.
Expected status code &amp;lt;200&amp;gt; but was &amp;lt;400&amp;gt;.
">
      <![CDATA[java.lang.AssertionError: 1 expectation failed.
Expected status code <200> but was <400>.

at org.codehaus.groovy.runtime.callsite.ConstructorSite$ConstructorSiteNoUnwrapNoCoerce.callConstructor(ConstructorSite.java:108)
at org.codehaus.groovy.runtime.callsite.AbstractCallSite.callConstructor(AbstractCallSite.java:277)
at io.restassured.internal.ResponseSpecificationImpl$HamcrestAssertionClosure.validate(ResponseSpecificationImpl.groovy:512)
at io.restassured.internal.ResponseSpecificationImpl$HamcrestAssertionClosure$validate$1.call(Unknown Source)
at io.restassured.internal.RequestSpecificationImpl.applyPathParamsAndSendRequest(RequestSpecificationImpl.groovy:1705)
at io.restassured.internal.RequestSpecificationImpl.this$2$applyPathParamsAndSendRequest(RequestSpecificationImpl.groovy)
at groovy.lang.MetaMethod.doMethodInvoke(MetaMethod.java:328)
at groovy.lang.MetaClassImpl.doInvokeMethod(MetaClassImpl.java:1348)
at groovy.lang.MetaClassImpl.invokeMethod(MetaClassImpl.java:1103)
at groovy.lang.MetaClassImpl.invokeMethod(MetaClassImpl.java:1009)
at groovy.lang.MetaClassImpl.invokeMethod(MetaClassImpl.java:792)
at io.restassured.internal.RequestSpecificationImpl.invokeMethod(RequestSpecificationImpl.groovy)
at org.codehaus.groovy.runtime.callsite.PogoInterceptableSite.call(PogoInterceptableSite.java:46)
at org.codehaus.groovy.runtime.callsite.PogoInterceptableSite.callCurrent(PogoInterceptableSite.java:57)
at org.codehaus.groovy.runtime.callsite.AbstractCallSite.callCurrent(AbstractCallSite.java:203)
at io.restassured.internal.RequestSpecificationImpl.applyPathParamsAndSendRequest(RequestSpecificationImpl.groovy:1710)
at io.restassured.internal.RequestSpecificationImpl.this$2$applyPathParamsAndSendRequest(RequestSpecificationImpl.groovy)
at groovy.lang.MetaMethod.doMethodInvoke(MetaMethod.java:328)
at groovy.lang.MetaClassImpl.doInvokeMethod(MetaClassImpl.java:1348)
at groovy.lang.MetaClassImpl.invokeMethod(MetaClassImpl.java:1103)
at groovy.lang.MetaClassImpl.invokeMethod(MetaClassImpl.java:1009)
at groovy.lang.MetaClassImpl.invokeMethod(MetaClassImpl.java:792)
at io.restassured.internal.RequestSpecificationImpl.invokeMethod(RequestSpecificationImpl.groovy)
at org.codehaus.groovy.runtime.callsite.PogoInterceptableSite.call(PogoInterceptableSite.java:46)
at org.codehaus.groovy.runtime.callsite.PogoInterceptableSite.callCurrent(PogoInterceptableSite.java:57)
at org.codehaus.groovy.runtime.callsite.AbstractCallSite.callCurrent(AbstractCallSite.java:203)
at io.restassured.internal.RequestSpecificationImpl.post(RequestSpecificationImpl.groovy:176)
at io.restassured.internal.RequestSpecificationImpl.post(RequestSpecificationImpl.groovy)
at Test.TestPostRequest.postNomenclatureChangeRequestMapType3RequiredFields(TestPostRequest.java:319)
at java.base/java.util.ArrayList.forEach(ArrayList.java:1511)
... Removed 39 stack frames]]>
    </failure>
  </testcase> <!-- postNomenclatureChangeRequestMapType3RequiredFields -->
  <testcase classname="Test.TestPostRequest" name="postNomenclatureChangeRequestMapType3RequiredFieldsIsEmpty" time="1.005"/>
  <testcase classname="Test.TestPostRequest" name="postNomenclatureChangeRequestMax" time="1.178">
    <failure type="java.lang.AssertionError" message="1 expectation failed.
Expected status code &amp;lt;200&amp;gt; but was &amp;lt;400&amp;gt;.
">
      <![CDATA[java.lang.AssertionError: 1 expectation failed.
Expected status code <200> but was <400>.

at org.codehaus.groovy.runtime.callsite.ConstructorSite$ConstructorSiteNoUnwrapNoCoerce.callConstructor(ConstructorSite.java:108)
at org.codehaus.groovy.runtime.callsite.AbstractCallSite.callConstructor(AbstractCallSite.java:277)
at io.restassured.internal.ResponseSpecificationImpl$HamcrestAssertionClosure.validate(ResponseSpecificationImpl.groovy:512)
at io.restassured.internal.ResponseSpecificationImpl$HamcrestAssertionClosure$validate$1.call(Unknown Source)
at io.restassured.internal.RequestSpecificationImpl.applyPathParamsAndSendRequest(RequestSpecificationImpl.groovy:1705)
at io.restassured.internal.RequestSpecificationImpl.this$2$applyPathParamsAndSendRequest(RequestSpecificationImpl.groovy)
at groovy.lang.MetaMethod.doMethodInvoke(MetaMethod.java:328)
at groovy.lang.MetaClassImpl.doInvokeMethod(MetaClassImpl.java:1348)
at groovy.lang.MetaClassImpl.invokeMethod(MetaClassImpl.java:1103)
at groovy.lang.MetaClassImpl.invokeMethod(MetaClassImpl.java:1009)
at groovy.lang.MetaClassImpl.invokeMethod(MetaClassImpl.java:792)
at io.restassured.internal.RequestSpecificationImpl.invokeMethod(RequestSpecificationImpl.groovy)
at org.codehaus.groovy.runtime.callsite.PogoInterceptableSite.call(PogoInterceptableSite.java:46)
at org.codehaus.groovy.runtime.callsite.PogoInterceptableSite.callCurrent(PogoInterceptableSite.java:57)
at org.codehaus.groovy.runtime.callsite.AbstractCallSite.callCurrent(AbstractCallSite.java:203)
at io.restassured.internal.RequestSpecificationImpl.applyPathParamsAndSendRequest(RequestSpecificationImpl.groovy:1710)
at io.restassured.internal.RequestSpecificationImpl.this$2$applyPathParamsAndSendRequest(RequestSpecificationImpl.groovy)
at groovy.lang.MetaMethod.doMethodInvoke(MetaMethod.java:328)
at groovy.lang.MetaClassImpl.doInvokeMethod(MetaClassImpl.java:1348)
at groovy.lang.MetaClassImpl.invokeMethod(MetaClassImpl.java:1103)
at groovy.lang.MetaClassImpl.invokeMethod(MetaClassImpl.java:1009)
at groovy.lang.MetaClassImpl.invokeMethod(MetaClassImpl.java:792)
at io.restassured.internal.RequestSpecificationImpl.invokeMethod(RequestSpecificationImpl.groovy)
at org.codehaus.groovy.runtime.callsite.PogoInterceptableSite.call(PogoInterceptableSite.java:46)
at org.codehaus.groovy.runtime.callsite.PogoInterceptableSite.callCurrent(PogoInterceptableSite.java:57)
at org.codehaus.groovy.runtime.callsite.AbstractCallSite.callCurrent(AbstractCallSite.java:203)
at io.restassured.internal.RequestSpecificationImpl.post(RequestSpecificationImpl.groovy:176)
at io.restassured.internal.RequestSpecificationImpl.post(RequestSpecificationImpl.groovy)
at Test.TestPostRequest.postNomenclatureChangeRequestMax(TestPostRequest.java:540)
at java.base/java.util.ArrayList.forEach(ArrayList.java:1511)
... Removed 39 stack frames]]>
    </failure>
  </testcase> <!-- postNomenclatureChangeRequestMax -->
  <testcase classname="Test.TestPostRequest" name="postNomenclatureChangeRequestMaxPlus1Type1" time="0.836"/>
  <testcase classname="Test.TestPostRequest" name="postNomenclatureChangeRequestMinMapType1" time="0.976">
    <failure type="java.lang.AssertionError" message="1 expectation failed.
Expected status code &amp;lt;200&amp;gt; but was &amp;lt;400&amp;gt;.
">
      <![CDATA[java.lang.AssertionError: 1 expectation failed.
Expected status code <200> but was <400>.

at org.codehaus.groovy.runtime.callsite.ConstructorSite$ConstructorSiteNoUnwrapNoCoerce.callConstructor(ConstructorSite.java:108)
at org.codehaus.groovy.runtime.callsite.AbstractCallSite.callConstructor(AbstractCallSite.java:277)
at io.restassured.internal.ResponseSpecificationImpl$HamcrestAssertionClosure.validate(ResponseSpecificationImpl.groovy:512)
at io.restassured.internal.ResponseSpecificationImpl$HamcrestAssertionClosure$validate$1.call(Unknown Source)
at io.restassured.internal.RequestSpecificationImpl.applyPathParamsAndSendRequest(RequestSpecificationImpl.groovy:1705)
at io.restassured.internal.RequestSpecificationImpl.this$2$applyPathParamsAndSendRequest(RequestSpecificationImpl.groovy)
at groovy.lang.MetaMethod.doMethodInvoke(MetaMethod.java:328)
at groovy.lang.MetaClassImpl.doInvokeMethod(MetaClassImpl.java:1348)
at groovy.lang.MetaClassImpl.invokeMethod(MetaClassImpl.java:1103)
at groovy.lang.MetaClassImpl.invokeMethod(MetaClassImpl.java:1009)
at groovy.lang.MetaClassImpl.invokeMethod(MetaClassImpl.java:792)
at io.restassured.internal.RequestSpecificationImpl.invokeMethod(RequestSpecificationImpl.groovy)
at org.codehaus.groovy.runtime.callsite.PogoInterceptableSite.call(PogoInterceptableSite.java:46)
at org.codehaus.groovy.runtime.callsite.PogoInterceptableSite.callCurrent(PogoInterceptableSite.java:57)
at org.codehaus.groovy.runtime.callsite.AbstractCallSite.callCurrent(AbstractCallSite.java:203)
at io.restassured.internal.RequestSpecificationImpl.applyPathParamsAndSendRequest(RequestSpecificationImpl.groovy:1710)
at io.restassured.internal.RequestSpecificationImpl.this$2$applyPathParamsAndSendRequest(RequestSpecificationImpl.groovy)
at groovy.lang.MetaMethod.doMethodInvoke(MetaMethod.java:328)
at groovy.lang.MetaClassImpl.doInvokeMethod(MetaClassImpl.java:1348)
at groovy.lang.MetaClassImpl.invokeMethod(MetaClassImpl.java:1103)
at groovy.lang.MetaClassImpl.invokeMethod(MetaClassImpl.java:1009)
at groovy.lang.MetaClassImpl.invokeMethod(MetaClassImpl.java:792)
at io.restassured.internal.RequestSpecificationImpl.invokeMethod(RequestSpecificationImpl.groovy)
at org.codehaus.groovy.runtime.callsite.PogoInterceptableSite.call(PogoInterceptableSite.java:46)
at org.codehaus.groovy.runtime.callsite.PogoInterceptableSite.callCurrent(PogoInterceptableSite.java:57)
at org.codehaus.groovy.runtime.callsite.AbstractCallSite.callCurrent(AbstractCallSite.java:203)
at io.restassured.internal.RequestSpecificationImpl.post(RequestSpecificationImpl.groovy:176)
at io.restassured.internal.RequestSpecificationImpl.post(RequestSpecificationImpl.groovy)
at Test.TestPostRequest.postNomenclatureChangeRequestMinMapType1(TestPostRequest.java:411)
at java.base/java.util.ArrayList.forEach(ArrayList.java:1511)
... Removed 39 stack frames]]>
    </failure>
  </testcase> <!-- postNomenclatureChangeRequestMinMapType1 -->
</testsuite> <!-- Surefire test -->
