{"uuid":"190043df-67e3-4000-a535-b678deef71a7","historyId":"a204a50bf0d95037e4acbb96465935cc","fullName":"AutoTest.ClassifireIsAllRussianTest.getBankGuid","labels":[{"name":"package","value":"AutoTest.ClassifireIsAllRussianTest"},{"name":"testClass","value":"AutoTest.ClassifireIsAllRussianTest"},{"name":"testMethod","value":"getBankGuid"},{"name":"parentSuite","value":"Default Suite"},{"name":"suite","value":"Api"},{"name":"subSuite","value":"AutoTest.ClassifireIsAllRussianTest"},{"name":"host","value":"DESKTOP-EKIHJ54"},{"name":"thread","value":"2216@DESKTOP-EKIHJ54.main(1)"},{"name":"framework","value":"testng"},{"name":"language","value":"java"},{"name":"feature","value":"Получение Bank"},{"name":"owner","value":"Малышев"},{"name":"epic","value":"Общероссийские классификаторы"}],"links":[],"name":"getBankGuid","status":"failed","statusDetails":{"known":false,"muted":false,"flaky":false,"message":"1 expectation failed.\nResponse body doesn't match expectation.\nExpected: The content to match the given JSON schema.\nerror: instance type (string) does not match any allowed primitive type (allowed: [\"integer\"])\n    level: \"error\"\n    schema: {\"loadingURI\":\"file:/C:/Users/Sasha/Api/target/test-classes/getBankGuid.json#\",\"pointer\":\"/properties/bic\"}\n    instance: {\"pointer\":\"/bic\"}\n    domain: \"validation\"\n    keyword: \"type\"\n    found: \"string\"\n    expected: [\"integer\"]\n\n  Actual: {\r\n\"guid\": \"979300ab-d82b-11e8-80bb-08002789bf51\",\r\n\"archive\": false,\r\n\"dateOutputArchive\": \"0001-01-01T00:00:00Z\",\r\n\"thisGroup\": false,\r\n\"parent\": \"78ddabf2-ca67-11e5-826c-605718cb5baa\",\r\n\"bic\": \"043601707\",\r\n\"swift\": \"\",\r\n\"name\": \"ФИЛИАЛ \\\"САМАРСКИЙ\\\" АО \\\"ОТП БАНК\\\"\",\r\n\"corrAccount\": \"30101810722023601707\",\r\n\"address\": \"УЛ АВРОРЫ, 150\",\r\n\"city\": \"Г. САМАРА\",\r\n\"phones\": \"(846)3425312,3425313\",\r\n\"country\": \"4e127564-d74f-4dd9-bced-0327f0f4e061\",\r\n\"countryCode\": \"643\",\r\n\"activityDiscontinued\": false\r\n}\n","trace":"java.lang.AssertionError: 1 expectation failed.\nResponse body doesn't match expectation.\nExpected: The content to match the given JSON schema.\nerror: instance type (string) does not match any allowed primitive type (allowed: [\"integer\"])\n    level: \"error\"\n    schema: {\"loadingURI\":\"file:/C:/Users/Sasha/Api/target/test-classes/getBankGuid.json#\",\"pointer\":\"/properties/bic\"}\n    instance: {\"pointer\":\"/bic\"}\n    domain: \"validation\"\n    keyword: \"type\"\n    found: \"string\"\n    expected: [\"integer\"]\n\n  Actual: {\r\n\"guid\": \"979300ab-d82b-11e8-80bb-08002789bf51\",\r\n\"archive\": false,\r\n\"dateOutputArchive\": \"0001-01-01T00:00:00Z\",\r\n\"thisGroup\": false,\r\n\"parent\": \"78ddabf2-ca67-11e5-826c-605718cb5baa\",\r\n\"bic\": \"043601707\",\r\n\"swift\": \"\",\r\n\"name\": \"ФИЛИАЛ \\\"САМАРСКИЙ\\\" АО \\\"ОТП БАНК\\\"\",\r\n\"corrAccount\": \"30101810722023601707\",\r\n\"address\": \"УЛ АВРОРЫ, 150\",\r\n\"city\": \"Г. САМАРА\",\r\n\"phones\": \"(846)3425312,3425313\",\r\n\"country\": \"4e127564-d74f-4dd9-bced-0327f0f4e061\",\r\n\"countryCode\": \"643\",\r\n\"activityDiscontinued\": false\r\n}\n\r\n\tat java.base/jdk.internal.reflect.NativeConstructorAccessorImpl.newInstance0(Native Method)\r\n\tat java.base/jdk.internal.reflect.NativeConstructorAccessorImpl.newInstance(NativeConstructorAccessorImpl.java:78)\r\n\tat java.base/jdk.internal.reflect.DelegatingConstructorAccessorImpl.newInstance(DelegatingConstructorAccessorImpl.java:45)\r\n\tat java.base/java.lang.reflect.Constructor.newInstanceWithCaller(Constructor.java:499)\r\n\tat java.base/java.lang.reflect.Constructor.newInstance(Constructor.java:480)\r\n\tat org.codehaus.groovy.reflection.CachedConstructor.invoke(CachedConstructor.java:73)\r\n\tat org.codehaus.groovy.runtime.callsite.ConstructorSite$ConstructorSiteNoUnwrapNoCoerce.callConstructor(ConstructorSite.java:108)\r\n\tat org.codehaus.groovy.runtime.callsite.CallSiteArray.defaultCallConstructor(CallSiteArray.java:57)\r\n\tat org.codehaus.groovy.runtime.callsite.AbstractCallSite.callConstructor(AbstractCallSite.java:263)\r\n\tat org.codehaus.groovy.runtime.callsite.AbstractCallSite.callConstructor(AbstractCallSite.java:277)\r\n\tat io.restassured.internal.ResponseSpecificationImpl$HamcrestAssertionClosure.validate(ResponseSpecificationImpl.groovy:512)\r\n\tat io.restassured.internal.ResponseSpecificationImpl$HamcrestAssertionClosure$validate$1.call(Unknown Source)\r\n\tat org.codehaus.groovy.runtime.callsite.CallSiteArray.defaultCall(CallSiteArray.java:45)\r\n\tat org.codehaus.groovy.runtime.callsite.AbstractCallSite.call(AbstractCallSite.java:125)\r\n\tat org.codehaus.groovy.runtime.callsite.AbstractCallSite.call(AbstractCallSite.java:139)\r\n\tat io.restassured.internal.ResponseSpecificationImpl.validateResponseIfRequired(ResponseSpecificationImpl.groovy:696)\r\n\tat io.restassured.internal.ResponseSpecificationImpl.this$2$validateResponseIfRequired(ResponseSpecificationImpl.groovy)\r\n\tat java.base/jdk.internal.reflect.NativeMethodAccessorImpl.invoke0(Native Method)\r\n\tat java.base/jdk.internal.reflect.NativeMethodAccessorImpl.invoke(NativeMethodAccessorImpl.java:78)\r\n\tat java.base/jdk.internal.reflect.DelegatingMethodAccessorImpl.invoke(DelegatingMethodAccessorImpl.java:43)\r\n\tat java.base/java.lang.reflect.Method.invoke(Method.java:567)\r\n\tat org.codehaus.groovy.runtime.callsite.PlainObjectMetaMethodSite.doInvoke(PlainObjectMetaMethodSite.java:43)\r\n\tat org.codehaus.groovy.runtime.callsite.PogoMetaMethodSite$PogoCachedMethodSiteNoUnwrapNoCoerce.invoke(PogoMetaMethodSite.java:198)\r\n\tat org.codehaus.groovy.runtime.callsite.PogoMetaMethodSite.callCurrent(PogoMetaMethodSite.java:62)\r\n\tat org.codehaus.groovy.runtime.callsite.CallSiteArray.defaultCallCurrent(CallSiteArray.java:49)\r\n\tat org.codehaus.groovy.runtime.callsite.AbstractCallSite.callCurrent(AbstractCallSite.java:171)\r\n\tat org.codehaus.groovy.runtime.callsite.AbstractCallSite.callCurrent(AbstractCallSite.java:185)\r\n\tat io.restassured.internal.ResponseSpecificationImpl.body(ResponseSpecificationImpl.groovy:107)\r\n\tat io.restassured.internal.ValidatableResponseOptionsImpl.body(ValidatableResponseOptionsImpl.java:238)\r\n\tat AutoTest.ClassifireIsAllRussianTest.getBankGuid(ClassifireIsAllRussianTest.java:584)\r\n\tat java.base/jdk.internal.reflect.NativeMethodAccessorImpl.invoke0(Native Method)\r\n\tat java.base/jdk.internal.reflect.NativeMethodAccessorImpl.invoke(NativeMethodAccessorImpl.java:78)\r\n\tat java.base/jdk.internal.reflect.DelegatingMethodAccessorImpl.invoke(DelegatingMethodAccessorImpl.java:43)\r\n\tat java.base/java.lang.reflect.Method.invoke(Method.java:567)\r\n\tat org.testng.internal.invokers.MethodInvocationHelper.invokeMethod(MethodInvocationHelper.java:139)\r\n\tat org.testng.internal.invokers.TestInvoker.invokeMethod(TestInvoker.java:677)\r\n\tat org.testng.internal.invokers.TestInvoker.invokeTestMethod(TestInvoker.java:221)\r\n\tat org.testng.internal.invokers.MethodRunner.runInSequence(MethodRunner.java:50)\r\n\tat org.testng.internal.invokers.TestInvoker$MethodInvocationAgent.invoke(TestInvoker.java:969)\r\n\tat org.testng.internal.invokers.TestInvoker.invokeTestMethods(TestInvoker.java:194)\r\n\tat org.testng.internal.invokers.TestMethodWorker.invokeTestMethods(TestMethodWorker.java:148)\r\n\tat org.testng.internal.invokers.TestMethodWorker.run(TestMethodWorker.java:128)\r\n\tat java.base/java.util.ArrayList.forEach(ArrayList.java:1511)\r\n\tat org.testng.TestRunner.privateRun(TestRunner.java:829)\r\n\tat org.testng.TestRunner.run(TestRunner.java:602)\r\n\tat org.testng.SuiteRunner.runTest(SuiteRunner.java:437)\r\n\tat org.testng.SuiteRunner.runSequentially(SuiteRunner.java:431)\r\n\tat org.testng.SuiteRunner.privateRun(SuiteRunner.java:391)\r\n\tat org.testng.SuiteRunner.run(SuiteRunner.java:330)\r\n\tat org.testng.SuiteRunnerWorker.runSuite(SuiteRunnerWorker.java:52)\r\n\tat org.testng.SuiteRunnerWorker.run(SuiteRunnerWorker.java:95)\r\n\tat org.testng.TestNG.runSuitesSequentially(TestNG.java:1256)\r\n\tat org.testng.TestNG.runSuitesLocally(TestNG.java:1176)\r\n\tat org.testng.TestNG.runSuites(TestNG.java:1099)\r\n\tat org.testng.TestNG.run(TestNG.java:1067)\r\n\tat com.intellij.rt.testng.IDEARemoteTestNG.run(IDEARemoteTestNG.java:66)\r\n\tat com.intellij.rt.testng.RemoteTestNGStarter.main(RemoteTestNGStarter.java:109)\r\n"},"stage":"finished","description":"Получение Bank по Гуид, валидация при помощи схемы Json","steps":[{"name":"Валидный Гуид","status":"failed","statusDetails":{"known":false,"muted":false,"flaky":false,"message":"1 expectation failed.\nResponse body doesn't match expectation.\nExpected: The content to match the given JSON schema.\nerror: instance type (string) does not match any allowed primitive type (allowed: [\"integer\"])\n    level: \"error\"\n    schema: {\"loadingURI\":\"file:/C:/Users/Sasha/Api/target/test-classes/getBankGuid.json#\",\"pointer\":\"/properties/bic\"}\n    instance: {\"pointer\":\"/bic\"}\n    domain: \"validation\"\n    keyword: \"type\"\n    found: \"string\"\n    expected: [\"integer\"]\n\n  Actual: {\r\n\"guid\": \"979300ab-d82b-11e8-80bb-08002789bf51\",\r\n\"archive\": false,\r\n\"dateOutputArchive\": \"0001-01-01T00:00:00Z\",\r\n\"thisGroup\": false,\r\n\"parent\": \"78ddabf2-ca67-11e5-826c-605718cb5baa\",\r\n\"bic\": \"043601707\",\r\n\"swift\": \"\",\r\n\"name\": \"ФИЛИАЛ \\\"САМАРСКИЙ\\\" АО \\\"ОТП БАНК\\\"\",\r\n\"corrAccount\": \"30101810722023601707\",\r\n\"address\": \"УЛ АВРОРЫ, 150\",\r\n\"city\": \"Г. САМАРА\",\r\n\"phones\": \"(846)3425312,3425313\",\r\n\"country\": \"4e127564-d74f-4dd9-bced-0327f0f4e061\",\r\n\"countryCode\": \"643\",\r\n\"activityDiscontinued\": false\r\n}\n","trace":"java.lang.AssertionError: 1 expectation failed.\nResponse body doesn't match expectation.\nExpected: The content to match the given JSON schema.\nerror: instance type (string) does not match any allowed primitive type (allowed: [\"integer\"])\n    level: \"error\"\n    schema: {\"loadingURI\":\"file:/C:/Users/Sasha/Api/target/test-classes/getBankGuid.json#\",\"pointer\":\"/properties/bic\"}\n    instance: {\"pointer\":\"/bic\"}\n    domain: \"validation\"\n    keyword: \"type\"\n    found: \"string\"\n    expected: [\"integer\"]\n\n  Actual: {\r\n\"guid\": \"979300ab-d82b-11e8-80bb-08002789bf51\",\r\n\"archive\": false,\r\n\"dateOutputArchive\": \"0001-01-01T00:00:00Z\",\r\n\"thisGroup\": false,\r\n\"parent\": \"78ddabf2-ca67-11e5-826c-605718cb5baa\",\r\n\"bic\": \"043601707\",\r\n\"swift\": \"\",\r\n\"name\": \"ФИЛИАЛ \\\"САМАРСКИЙ\\\" АО \\\"ОТП БАНК\\\"\",\r\n\"corrAccount\": \"30101810722023601707\",\r\n\"address\": \"УЛ АВРОРЫ, 150\",\r\n\"city\": \"Г. САМАРА\",\r\n\"phones\": \"(846)3425312,3425313\",\r\n\"country\": \"4e127564-d74f-4dd9-bced-0327f0f4e061\",\r\n\"countryCode\": \"643\",\r\n\"activityDiscontinued\": false\r\n}\n\r\n\tat java.base/jdk.internal.reflect.NativeConstructorAccessorImpl.newInstance0(Native Method)\r\n\tat java.base/jdk.internal.reflect.NativeConstructorAccessorImpl.newInstance(NativeConstructorAccessorImpl.java:78)\r\n\tat java.base/jdk.internal.reflect.DelegatingConstructorAccessorImpl.newInstance(DelegatingConstructorAccessorImpl.java:45)\r\n\tat java.base/java.lang.reflect.Constructor.newInstanceWithCaller(Constructor.java:499)\r\n\tat java.base/java.lang.reflect.Constructor.newInstance(Constructor.java:480)\r\n\tat org.codehaus.groovy.reflection.CachedConstructor.invoke(CachedConstructor.java:73)\r\n\tat org.codehaus.groovy.runtime.callsite.ConstructorSite$ConstructorSiteNoUnwrapNoCoerce.callConstructor(ConstructorSite.java:108)\r\n\tat org.codehaus.groovy.runtime.callsite.CallSiteArray.defaultCallConstructor(CallSiteArray.java:57)\r\n\tat org.codehaus.groovy.runtime.callsite.AbstractCallSite.callConstructor(AbstractCallSite.java:263)\r\n\tat org.codehaus.groovy.runtime.callsite.AbstractCallSite.callConstructor(AbstractCallSite.java:277)\r\n\tat io.restassured.internal.ResponseSpecificationImpl$HamcrestAssertionClosure.validate(ResponseSpecificationImpl.groovy:512)\r\n\tat io.restassured.internal.ResponseSpecificationImpl$HamcrestAssertionClosure$validate$1.call(Unknown Source)\r\n\tat org.codehaus.groovy.runtime.callsite.CallSiteArray.defaultCall(CallSiteArray.java:45)\r\n\tat org.codehaus.groovy.runtime.callsite.AbstractCallSite.call(AbstractCallSite.java:125)\r\n\tat org.codehaus.groovy.runtime.callsite.AbstractCallSite.call(AbstractCallSite.java:139)\r\n\tat io.restassured.internal.ResponseSpecificationImpl.validateResponseIfRequired(ResponseSpecificationImpl.groovy:696)\r\n\tat io.restassured.internal.ResponseSpecificationImpl.this$2$validateResponseIfRequired(ResponseSpecificationImpl.groovy)\r\n\tat java.base/jdk.internal.reflect.NativeMethodAccessorImpl.invoke0(Native Method)\r\n\tat java.base/jdk.internal.reflect.NativeMethodAccessorImpl.invoke(NativeMethodAccessorImpl.java:78)\r\n\tat java.base/jdk.internal.reflect.DelegatingMethodAccessorImpl.invoke(DelegatingMethodAccessorImpl.java:43)\r\n\tat java.base/java.lang.reflect.Method.invoke(Method.java:567)\r\n\tat org.codehaus.groovy.runtime.callsite.PlainObjectMetaMethodSite.doInvoke(PlainObjectMetaMethodSite.java:43)\r\n\tat org.codehaus.groovy.runtime.callsite.PogoMetaMethodSite$PogoCachedMethodSiteNoUnwrapNoCoerce.invoke(PogoMetaMethodSite.java:198)\r\n\tat org.codehaus.groovy.runtime.callsite.PogoMetaMethodSite.callCurrent(PogoMetaMethodSite.java:62)\r\n\tat org.codehaus.groovy.runtime.callsite.CallSiteArray.defaultCallCurrent(CallSiteArray.java:49)\r\n\tat org.codehaus.groovy.runtime.callsite.AbstractCallSite.callCurrent(AbstractCallSite.java:171)\r\n\tat org.codehaus.groovy.runtime.callsite.AbstractCallSite.callCurrent(AbstractCallSite.java:185)\r\n\tat io.restassured.internal.ResponseSpecificationImpl.body(ResponseSpecificationImpl.groovy:107)\r\n\tat io.restassured.internal.ValidatableResponseOptionsImpl.body(ValidatableResponseOptionsImpl.java:238)\r\n\tat AutoTest.ClassifireIsAllRussianTest.getBankGuid(ClassifireIsAllRussianTest.java:584)\r\n\tat java.base/jdk.internal.reflect.NativeMethodAccessorImpl.invoke0(Native Method)\r\n\tat java.base/jdk.internal.reflect.NativeMethodAccessorImpl.invoke(NativeMethodAccessorImpl.java:78)\r\n\tat java.base/jdk.internal.reflect.DelegatingMethodAccessorImpl.invoke(DelegatingMethodAccessorImpl.java:43)\r\n\tat java.base/java.lang.reflect.Method.invoke(Method.java:567)\r\n\tat org.testng.internal.invokers.MethodInvocationHelper.invokeMethod(MethodInvocationHelper.java:139)\r\n\tat org.testng.internal.invokers.TestInvoker.invokeMethod(TestInvoker.java:677)\r\n\tat org.testng.internal.invokers.TestInvoker.invokeTestMethod(TestInvoker.java:221)\r\n\tat org.testng.internal.invokers.MethodRunner.runInSequence(MethodRunner.java:50)\r\n\tat org.testng.internal.invokers.TestInvoker$MethodInvocationAgent.invoke(TestInvoker.java:969)\r\n\tat org.testng.internal.invokers.TestInvoker.invokeTestMethods(TestInvoker.java:194)\r\n\tat org.testng.internal.invokers.TestMethodWorker.invokeTestMethods(TestMethodWorker.java:148)\r\n\tat org.testng.internal.invokers.TestMethodWorker.run(TestMethodWorker.java:128)\r\n\tat java.base/java.util.ArrayList.forEach(ArrayList.java:1511)\r\n\tat org.testng.TestRunner.privateRun(TestRunner.java:829)\r\n\tat org.testng.TestRunner.run(TestRunner.java:602)\r\n\tat org.testng.SuiteRunner.runTest(SuiteRunner.java:437)\r\n\tat org.testng.SuiteRunner.runSequentially(SuiteRunner.java:431)\r\n\tat org.testng.SuiteRunner.privateRun(SuiteRunner.java:391)\r\n\tat org.testng.SuiteRunner.run(SuiteRunner.java:330)\r\n\tat org.testng.SuiteRunnerWorker.runSuite(SuiteRunnerWorker.java:52)\r\n\tat org.testng.SuiteRunnerWorker.run(SuiteRunnerWorker.java:95)\r\n\tat org.testng.TestNG.runSuitesSequentially(TestNG.java:1256)\r\n\tat org.testng.TestNG.runSuitesLocally(TestNG.java:1176)\r\n\tat org.testng.TestNG.runSuites(TestNG.java:1099)\r\n\tat org.testng.TestNG.run(TestNG.java:1067)\r\n\tat com.intellij.rt.testng.IDEARemoteTestNG.run(IDEARemoteTestNG.java:66)\r\n\tat com.intellij.rt.testng.RemoteTestNGStarter.main(RemoteTestNGStarter.java:109)\r\n"},"stage":"finished","steps":[],"attachments":[],"parameters":[],"start":1702041303327,"stop":1702041307109}],"attachments":[],"parameters":[],"start":1702041303311,"stop":1702041307112}