{"uuid":"3161cce2-8ba4-4052-b711-6006834f7798","historyId":"6defb944945dc0b8ef5549867a95c2b1","fullName":"AutoTest.ClassifierTest.getUnifiedClassifierGuid","labels":[{"name":"package","value":"AutoTest.ClassifierTest"},{"name":"testClass","value":"AutoTest.ClassifierTest"},{"name":"testMethod","value":"getUnifiedClassifierGuid"},{"name":"parentSuite","value":"Surefire suite"},{"name":"suite","value":"Surefire test"},{"name":"subSuite","value":"AutoTest.ClassifierTest"},{"name":"host","value":"DESKTOP-EKIHJ54"},{"name":"thread","value":"4356@DESKTOP-EKIHJ54.main(1)"},{"name":"framework","value":"testng"},{"name":"language","value":"java"},{"name":"feature","value":"Единый Классификатор"},{"name":"epic","value":"Классификаторы"}],"links":[],"name":"getUnifiedClassifierGuid","status":"failed","statusDetails":{"known":false,"muted":false,"flaky":false,"message":"1 expectation failed.\nResponse body doesn't match expectation.\nExpected: The content to match the given JSON schema.\nerror: object has missing required properties ([\"okp\",\"okpd2\",\"okved\",\"tnved\"])\n    level: \"error\"\n    schema: {\"loadingURI\":\"file:/C:/Users/Sasha/Api/target/test-classes/getUnifiedClassifierGuid.json#\",\"pointer\":\"\"}\n    instance: {\"pointer\":\"\"}\n    domain: \"validation\"\n    keyword: \"required\"\n    required: [\"archive\",\"code\",\"consolidatedGroup\",\"dateOutputArchive\",\"guid\",\"name\",\"okp\",\"okpd2\",\"okved\",\"owner\",\"parent\",\"tnved\"]\n    missing: [\"okp\",\"okpd2\",\"okved\",\"tnved\"]\n\n  Actual: {\r\n\"guid\": \"513916c8-1677-11ee-b5ab-a0dc07f9a67b\",\r\n\"code\": \"03\",\r\n\"parent\": \"00000000-0000-0000-0000-000000000000\",\r\n\"name\": \"Кран - Трубоукладчики\",\r\n\"owner\": \"00000000-0000-0000-0000-000000000000\",\r\n\"consolidatedGroup\": \"\",\r\n\"OKP\": \"\",\r\n\"TNVED\": \"00000000-0000-0000-0000-000000000000\",\r\n\"OKVED\": \"00000000-0000-0000-0000-000000000000\",\r\n\"OKPD2\": \"15841c5e-1973-11ee-b5ac-005056013b0c\",\r\n\"archive\": false,\r\n\"dateOutputArchive\": \"0001-01-01T00:00:00Z\"\r\n}\n","trace":"java.lang.AssertionError: 1 expectation failed.\nResponse body doesn't match expectation.\nExpected: The content to match the given JSON schema.\nerror: object has missing required properties ([\"okp\",\"okpd2\",\"okved\",\"tnved\"])\n    level: \"error\"\n    schema: {\"loadingURI\":\"file:/C:/Users/Sasha/Api/target/test-classes/getUnifiedClassifierGuid.json#\",\"pointer\":\"\"}\n    instance: {\"pointer\":\"\"}\n    domain: \"validation\"\n    keyword: \"required\"\n    required: [\"archive\",\"code\",\"consolidatedGroup\",\"dateOutputArchive\",\"guid\",\"name\",\"okp\",\"okpd2\",\"okved\",\"owner\",\"parent\",\"tnved\"]\n    missing: [\"okp\",\"okpd2\",\"okved\",\"tnved\"]\n\n  Actual: {\r\n\"guid\": \"513916c8-1677-11ee-b5ab-a0dc07f9a67b\",\r\n\"code\": \"03\",\r\n\"parent\": \"00000000-0000-0000-0000-000000000000\",\r\n\"name\": \"Кран - Трубоукладчики\",\r\n\"owner\": \"00000000-0000-0000-0000-000000000000\",\r\n\"consolidatedGroup\": \"\",\r\n\"OKP\": \"\",\r\n\"TNVED\": \"00000000-0000-0000-0000-000000000000\",\r\n\"OKVED\": \"00000000-0000-0000-0000-000000000000\",\r\n\"OKPD2\": \"15841c5e-1973-11ee-b5ac-005056013b0c\",\r\n\"archive\": false,\r\n\"dateOutputArchive\": \"0001-01-01T00:00:00Z\"\r\n}\n\r\n\tat java.base/jdk.internal.reflect.DirectConstructorHandleAccessor.newInstance(DirectConstructorHandleAccessor.java:67)\r\n\tat java.base/java.lang.reflect.Constructor.newInstanceWithCaller(Constructor.java:500)\r\n\tat java.base/java.lang.reflect.Constructor.newInstance(Constructor.java:484)\r\n\tat org.codehaus.groovy.reflection.CachedConstructor.invoke(CachedConstructor.java:73)\r\n\tat org.codehaus.groovy.runtime.callsite.ConstructorSite$ConstructorSiteNoUnwrapNoCoerce.callConstructor(ConstructorSite.java:108)\r\n\tat org.codehaus.groovy.runtime.callsite.AbstractCallSite.callConstructor(AbstractCallSite.java:277)\r\n\tat io.restassured.internal.ResponseSpecificationImpl$HamcrestAssertionClosure.validate(ResponseSpecificationImpl.groovy:512)\r\n\tat io.restassured.internal.ResponseSpecificationImpl$HamcrestAssertionClosure$validate$1.call(Unknown Source)\r\n\tat io.restassured.internal.ResponseSpecificationImpl.validateResponseIfRequired(ResponseSpecificationImpl.groovy:696)\r\n\tat io.restassured.internal.ResponseSpecificationImpl.this$2$validateResponseIfRequired(ResponseSpecificationImpl.groovy)\r\n\tat java.base/jdk.internal.reflect.DirectMethodHandleAccessor.invoke(DirectMethodHandleAccessor.java:104)\r\n\tat java.base/java.lang.reflect.Method.invoke(Method.java:578)\r\n\tat org.codehaus.groovy.runtime.callsite.PlainObjectMetaMethodSite.doInvoke(PlainObjectMetaMethodSite.java:43)\r\n\tat org.codehaus.groovy.runtime.callsite.PogoMetaMethodSite$PogoCachedMethodSiteNoUnwrapNoCoerce.invoke(PogoMetaMethodSite.java:198)\r\n\tat org.codehaus.groovy.runtime.callsite.PogoMetaMethodSite.callCurrent(PogoMetaMethodSite.java:62)\r\n\tat org.codehaus.groovy.runtime.callsite.AbstractCallSite.callCurrent(AbstractCallSite.java:185)\r\n\tat io.restassured.internal.ResponseSpecificationImpl.body(ResponseSpecificationImpl.groovy:107)\r\n\tat io.restassured.internal.ValidatableResponseOptionsImpl.body(ValidatableResponseOptionsImpl.java:238)\r\n\tat AutoTest.ClassifierTest.getUnifiedClassifierGuid(ClassifierTest.java:177)\r\n\tat java.base/jdk.internal.reflect.DirectMethodHandleAccessor.invoke(DirectMethodHandleAccessor.java:104)\r\n\tat java.base/java.lang.reflect.Method.invoke(Method.java:578)\r\n\tat org.testng.internal.invokers.MethodInvocationHelper.invokeMethod(MethodInvocationHelper.java:139)\r\n\tat org.testng.internal.invokers.TestInvoker.invokeMethod(TestInvoker.java:677)\r\n\tat org.testng.internal.invokers.TestInvoker.invokeTestMethod(TestInvoker.java:221)\r\n\tat org.testng.internal.invokers.MethodRunner.runInSequence(MethodRunner.java:50)\r\n\tat org.testng.internal.invokers.TestInvoker$MethodInvocationAgent.invoke(TestInvoker.java:969)\r\n\tat org.testng.internal.invokers.TestInvoker.invokeTestMethods(TestInvoker.java:194)\r\n\tat org.testng.internal.invokers.TestMethodWorker.invokeTestMethods(TestMethodWorker.java:148)\r\n\tat org.testng.internal.invokers.TestMethodWorker.run(TestMethodWorker.java:128)\r\n\tat java.base/java.util.ArrayList.forEach(ArrayList.java:1511)\r\n\tat org.testng.TestRunner.privateRun(TestRunner.java:829)\r\n\tat org.testng.TestRunner.run(TestRunner.java:602)\r\n\tat org.testng.SuiteRunner.runTest(SuiteRunner.java:437)\r\n\tat org.testng.SuiteRunner.runSequentially(SuiteRunner.java:431)\r\n\tat org.testng.SuiteRunner.privateRun(SuiteRunner.java:391)\r\n\tat org.testng.SuiteRunner.run(SuiteRunner.java:330)\r\n\tat org.testng.SuiteRunnerWorker.runSuite(SuiteRunnerWorker.java:52)\r\n\tat org.testng.SuiteRunnerWorker.run(SuiteRunnerWorker.java:95)\r\n\tat org.testng.TestNG.runSuitesSequentially(TestNG.java:1256)\r\n\tat org.testng.TestNG.runSuitesLocally(TestNG.java:1176)\r\n\tat org.testng.TestNG.runSuites(TestNG.java:1099)\r\n\tat org.testng.TestNG.run(TestNG.java:1067)\r\n\tat org.apache.maven.surefire.testng.TestNGExecutor.run(TestNGExecutor.java:132)\r\n\tat org.apache.maven.surefire.testng.TestNGDirectoryTestSuite.executeMulti(TestNGDirectoryTestSuite.java:193)\r\n\tat org.apache.maven.surefire.testng.TestNGDirectoryTestSuite.execute(TestNGDirectoryTestSuite.java:94)\r\n\tat org.apache.maven.surefire.testng.TestNGProvider.invoke(TestNGProvider.java:147)\r\n\tat org.apache.maven.surefire.booter.ForkedBooter.invokeProviderInSameClassLoader(ForkedBooter.java:290)\r\n\tat org.apache.maven.surefire.booter.ForkedBooter.runSuitesInProcess(ForkedBooter.java:242)\r\n\tat org.apache.maven.surefire.booter.ForkedBooter.main(ForkedBooter.java:121)\r\n"},"stage":"finished","description":"Получение единого классификатора по Гуид","steps":[{"name":"Валидный Guid = {guid}","status":"failed","statusDetails":{"known":false,"muted":false,"flaky":false,"message":"1 expectation failed.\nResponse body doesn't match expectation.\nExpected: The content to match the given JSON schema.\nerror: object has missing required properties ([\"okp\",\"okpd2\",\"okved\",\"tnved\"])\n    level: \"error\"\n    schema: {\"loadingURI\":\"file:/C:/Users/Sasha/Api/target/test-classes/getUnifiedClassifierGuid.json#\",\"pointer\":\"\"}\n    instance: {\"pointer\":\"\"}\n    domain: \"validation\"\n    keyword: \"required\"\n    required: [\"archive\",\"code\",\"consolidatedGroup\",\"dateOutputArchive\",\"guid\",\"name\",\"okp\",\"okpd2\",\"okved\",\"owner\",\"parent\",\"tnved\"]\n    missing: [\"okp\",\"okpd2\",\"okved\",\"tnved\"]\n\n  Actual: {\r\n\"guid\": \"513916c8-1677-11ee-b5ab-a0dc07f9a67b\",\r\n\"code\": \"03\",\r\n\"parent\": \"00000000-0000-0000-0000-000000000000\",\r\n\"name\": \"Кран - Трубоукладчики\",\r\n\"owner\": \"00000000-0000-0000-0000-000000000000\",\r\n\"consolidatedGroup\": \"\",\r\n\"OKP\": \"\",\r\n\"TNVED\": \"00000000-0000-0000-0000-000000000000\",\r\n\"OKVED\": \"00000000-0000-0000-0000-000000000000\",\r\n\"OKPD2\": \"15841c5e-1973-11ee-b5ac-005056013b0c\",\r\n\"archive\": false,\r\n\"dateOutputArchive\": \"0001-01-01T00:00:00Z\"\r\n}\n","trace":"java.lang.AssertionError: 1 expectation failed.\nResponse body doesn't match expectation.\nExpected: The content to match the given JSON schema.\nerror: object has missing required properties ([\"okp\",\"okpd2\",\"okved\",\"tnved\"])\n    level: \"error\"\n    schema: {\"loadingURI\":\"file:/C:/Users/Sasha/Api/target/test-classes/getUnifiedClassifierGuid.json#\",\"pointer\":\"\"}\n    instance: {\"pointer\":\"\"}\n    domain: \"validation\"\n    keyword: \"required\"\n    required: [\"archive\",\"code\",\"consolidatedGroup\",\"dateOutputArchive\",\"guid\",\"name\",\"okp\",\"okpd2\",\"okved\",\"owner\",\"parent\",\"tnved\"]\n    missing: [\"okp\",\"okpd2\",\"okved\",\"tnved\"]\n\n  Actual: {\r\n\"guid\": \"513916c8-1677-11ee-b5ab-a0dc07f9a67b\",\r\n\"code\": \"03\",\r\n\"parent\": \"00000000-0000-0000-0000-000000000000\",\r\n\"name\": \"Кран - Трубоукладчики\",\r\n\"owner\": \"00000000-0000-0000-0000-000000000000\",\r\n\"consolidatedGroup\": \"\",\r\n\"OKP\": \"\",\r\n\"TNVED\": \"00000000-0000-0000-0000-000000000000\",\r\n\"OKVED\": \"00000000-0000-0000-0000-000000000000\",\r\n\"OKPD2\": \"15841c5e-1973-11ee-b5ac-005056013b0c\",\r\n\"archive\": false,\r\n\"dateOutputArchive\": \"0001-01-01T00:00:00Z\"\r\n}\n\r\n\tat java.base/jdk.internal.reflect.DirectConstructorHandleAccessor.newInstance(DirectConstructorHandleAccessor.java:67)\r\n\tat java.base/java.lang.reflect.Constructor.newInstanceWithCaller(Constructor.java:500)\r\n\tat java.base/java.lang.reflect.Constructor.newInstance(Constructor.java:484)\r\n\tat org.codehaus.groovy.reflection.CachedConstructor.invoke(CachedConstructor.java:73)\r\n\tat org.codehaus.groovy.runtime.callsite.ConstructorSite$ConstructorSiteNoUnwrapNoCoerce.callConstructor(ConstructorSite.java:108)\r\n\tat org.codehaus.groovy.runtime.callsite.AbstractCallSite.callConstructor(AbstractCallSite.java:277)\r\n\tat io.restassured.internal.ResponseSpecificationImpl$HamcrestAssertionClosure.validate(ResponseSpecificationImpl.groovy:512)\r\n\tat io.restassured.internal.ResponseSpecificationImpl$HamcrestAssertionClosure$validate$1.call(Unknown Source)\r\n\tat io.restassured.internal.ResponseSpecificationImpl.validateResponseIfRequired(ResponseSpecificationImpl.groovy:696)\r\n\tat io.restassured.internal.ResponseSpecificationImpl.this$2$validateResponseIfRequired(ResponseSpecificationImpl.groovy)\r\n\tat java.base/jdk.internal.reflect.DirectMethodHandleAccessor.invoke(DirectMethodHandleAccessor.java:104)\r\n\tat java.base/java.lang.reflect.Method.invoke(Method.java:578)\r\n\tat org.codehaus.groovy.runtime.callsite.PlainObjectMetaMethodSite.doInvoke(PlainObjectMetaMethodSite.java:43)\r\n\tat org.codehaus.groovy.runtime.callsite.PogoMetaMethodSite$PogoCachedMethodSiteNoUnwrapNoCoerce.invoke(PogoMetaMethodSite.java:198)\r\n\tat org.codehaus.groovy.runtime.callsite.PogoMetaMethodSite.callCurrent(PogoMetaMethodSite.java:62)\r\n\tat org.codehaus.groovy.runtime.callsite.AbstractCallSite.callCurrent(AbstractCallSite.java:185)\r\n\tat io.restassured.internal.ResponseSpecificationImpl.body(ResponseSpecificationImpl.groovy:107)\r\n\tat io.restassured.internal.ValidatableResponseOptionsImpl.body(ValidatableResponseOptionsImpl.java:238)\r\n\tat AutoTest.ClassifierTest.getUnifiedClassifierGuid(ClassifierTest.java:177)\r\n\tat java.base/jdk.internal.reflect.DirectMethodHandleAccessor.invoke(DirectMethodHandleAccessor.java:104)\r\n\tat java.base/java.lang.reflect.Method.invoke(Method.java:578)\r\n\tat org.testng.internal.invokers.MethodInvocationHelper.invokeMethod(MethodInvocationHelper.java:139)\r\n\tat org.testng.internal.invokers.TestInvoker.invokeMethod(TestInvoker.java:677)\r\n\tat org.testng.internal.invokers.TestInvoker.invokeTestMethod(TestInvoker.java:221)\r\n\tat org.testng.internal.invokers.MethodRunner.runInSequence(MethodRunner.java:50)\r\n\tat org.testng.internal.invokers.TestInvoker$MethodInvocationAgent.invoke(TestInvoker.java:969)\r\n\tat org.testng.internal.invokers.TestInvoker.invokeTestMethods(TestInvoker.java:194)\r\n\tat org.testng.internal.invokers.TestMethodWorker.invokeTestMethods(TestMethodWorker.java:148)\r\n\tat org.testng.internal.invokers.TestMethodWorker.run(TestMethodWorker.java:128)\r\n\tat java.base/java.util.ArrayList.forEach(ArrayList.java:1511)\r\n\tat org.testng.TestRunner.privateRun(TestRunner.java:829)\r\n\tat org.testng.TestRunner.run(TestRunner.java:602)\r\n\tat org.testng.SuiteRunner.runTest(SuiteRunner.java:437)\r\n\tat org.testng.SuiteRunner.runSequentially(SuiteRunner.java:431)\r\n\tat org.testng.SuiteRunner.privateRun(SuiteRunner.java:391)\r\n\tat org.testng.SuiteRunner.run(SuiteRunner.java:330)\r\n\tat org.testng.SuiteRunnerWorker.runSuite(SuiteRunnerWorker.java:52)\r\n\tat org.testng.SuiteRunnerWorker.run(SuiteRunnerWorker.java:95)\r\n\tat org.testng.TestNG.runSuitesSequentially(TestNG.java:1256)\r\n\tat org.testng.TestNG.runSuitesLocally(TestNG.java:1176)\r\n\tat org.testng.TestNG.runSuites(TestNG.java:1099)\r\n\tat org.testng.TestNG.run(TestNG.java:1067)\r\n\tat org.apache.maven.surefire.testng.TestNGExecutor.run(TestNGExecutor.java:132)\r\n\tat org.apache.maven.surefire.testng.TestNGDirectoryTestSuite.executeMulti(TestNGDirectoryTestSuite.java:193)\r\n\tat org.apache.maven.surefire.testng.TestNGDirectoryTestSuite.execute(TestNGDirectoryTestSuite.java:94)\r\n\tat org.apache.maven.surefire.testng.TestNGProvider.invoke(TestNGProvider.java:147)\r\n\tat org.apache.maven.surefire.booter.ForkedBooter.invokeProviderInSameClassLoader(ForkedBooter.java:290)\r\n\tat org.apache.maven.surefire.booter.ForkedBooter.runSuitesInProcess(ForkedBooter.java:242)\r\n\tat org.apache.maven.surefire.booter.ForkedBooter.main(ForkedBooter.java:121)\r\n"},"stage":"finished","steps":[],"attachments":[],"parameters":[],"start":1702455064787,"stop":1702455065460}],"attachments":[],"parameters":[],"start":1702455064787,"stop":1702455065460}