{"uuid":"c422380c-b3bc-4914-a8c4-d954384bba82","historyId":"45e16c3fb5aef7facb6037d556c0c0c","fullName":"AutoTest.PartnerTest.getBankAccountGuid","labels":[{"name":"package","value":"AutoTest.PartnerTest"},{"name":"testClass","value":"AutoTest.PartnerTest"},{"name":"testMethod","value":"getBankAccountGuid"},{"name":"parentSuite","value":"Default Suite"},{"name":"suite","value":"Api"},{"name":"subSuite","value":"AutoTest.PartnerTest"},{"name":"host","value":"DESKTOP-EKIHJ54"},{"name":"thread","value":"11312@DESKTOP-EKIHJ54.main(1)"},{"name":"framework","value":"testng"},{"name":"language","value":"java"},{"name":"feature","value":"Получение Bank Account"},{"name":"owner","value":"Малышев"},{"name":"epic","value":"Контрагенты"}],"links":[],"name":"getBankAccountGuid","status":"failed","statusDetails":{"known":false,"muted":false,"flaky":false,"message":"1 expectation failed.\nResponse body doesn't match expectation.\nExpected: The content to match the given JSON schema.\nerror: string \"\" is too short (length: 0, required minimum: 9)\n    level: \"error\"\n    schema: {\"loadingURI\":\"file:/C:/Users/Sasha/Api/target/test-classes/getBankAccountGuid.json#\",\"pointer\":\"/properties/bankSettlementBic\"}\n    instance: {\"pointer\":\"/bankSettlementBic\"}\n    domain: \"validation\"\n    keyword: \"minLength\"\n    value: \"\"\n    found: 0\n    minLength: 9\nerror: string \"122\" is too short (length: 3, required minimum: 20)\n    level: \"error\"\n    schema: {\"loadingURI\":\"file:/C:/Users/Sasha/Api/target/test-classes/getBankAccountGuid.json#\",\"pointer\":\"/properties/number\"}\n    instance: {\"pointer\":\"/number\"}\n    domain: \"validation\"\n    keyword: \"minLength\"\n    value: \"122\"\n    found: 3\n    minLength: 20\n\n  Actual: {\r\n\"guid\": \"fe3562f8-8ebe-11ee-b5b1-005056013b0c\",\r\n\"partner\": \"d8708a4c-8a97-11ee-b5b1-005056013b0c\",\r\n\"type\": \"ebfeb736-895e-11ee-b5b1-005056013b0c\",\r\n\"typeName\": \"Тест1\",\r\n\"name\": \"Тест1, , \",\r\n\"number\": \"122\",\r\n\"currency\": \"f7f5d645-2df6-11e0-b48b-1cc1dee64484\",\r\n\"currencyCode\": \"643\",\r\n\"bank\": \"b6a7fb06-d09e-11e5-826c-605718cb5baa\",\r\n\"bankBic\": \"041909644\",\r\n\"bankSettlement\": \"00000000-0000-0000-0000-000000000000\",\r\n\"bankSettlementBic\": \"\",\r\n\"dateОpening\": \"0001-01-01T00:00:00Z\",\r\n\"dateClosing\": \"0001-01-01T00:00:00Z\"\r\n}\n","trace":"java.lang.AssertionError: 1 expectation failed.\nResponse body doesn't match expectation.\nExpected: The content to match the given JSON schema.\nerror: string \"\" is too short (length: 0, required minimum: 9)\n    level: \"error\"\n    schema: {\"loadingURI\":\"file:/C:/Users/Sasha/Api/target/test-classes/getBankAccountGuid.json#\",\"pointer\":\"/properties/bankSettlementBic\"}\n    instance: {\"pointer\":\"/bankSettlementBic\"}\n    domain: \"validation\"\n    keyword: \"minLength\"\n    value: \"\"\n    found: 0\n    minLength: 9\nerror: string \"122\" is too short (length: 3, required minimum: 20)\n    level: \"error\"\n    schema: {\"loadingURI\":\"file:/C:/Users/Sasha/Api/target/test-classes/getBankAccountGuid.json#\",\"pointer\":\"/properties/number\"}\n    instance: {\"pointer\":\"/number\"}\n    domain: \"validation\"\n    keyword: \"minLength\"\n    value: \"122\"\n    found: 3\n    minLength: 20\n\n  Actual: {\r\n\"guid\": \"fe3562f8-8ebe-11ee-b5b1-005056013b0c\",\r\n\"partner\": \"d8708a4c-8a97-11ee-b5b1-005056013b0c\",\r\n\"type\": \"ebfeb736-895e-11ee-b5b1-005056013b0c\",\r\n\"typeName\": \"Тест1\",\r\n\"name\": \"Тест1, , \",\r\n\"number\": \"122\",\r\n\"currency\": \"f7f5d645-2df6-11e0-b48b-1cc1dee64484\",\r\n\"currencyCode\": \"643\",\r\n\"bank\": \"b6a7fb06-d09e-11e5-826c-605718cb5baa\",\r\n\"bankBic\": \"041909644\",\r\n\"bankSettlement\": \"00000000-0000-0000-0000-000000000000\",\r\n\"bankSettlementBic\": \"\",\r\n\"dateОpening\": \"0001-01-01T00:00:00Z\",\r\n\"dateClosing\": \"0001-01-01T00:00:00Z\"\r\n}\n\r\n\tat java.base/jdk.internal.reflect.NativeConstructorAccessorImpl.newInstance0(Native Method)\r\n\tat java.base/jdk.internal.reflect.NativeConstructorAccessorImpl.newInstance(NativeConstructorAccessorImpl.java:78)\r\n\tat java.base/jdk.internal.reflect.DelegatingConstructorAccessorImpl.newInstance(DelegatingConstructorAccessorImpl.java:45)\r\n\tat java.base/java.lang.reflect.Constructor.newInstanceWithCaller(Constructor.java:499)\r\n\tat java.base/java.lang.reflect.Constructor.newInstance(Constructor.java:480)\r\n\tat org.codehaus.groovy.reflection.CachedConstructor.invoke(CachedConstructor.java:73)\r\n\tat org.codehaus.groovy.runtime.callsite.ConstructorSite$ConstructorSiteNoUnwrapNoCoerce.callConstructor(ConstructorSite.java:108)\r\n\tat org.codehaus.groovy.runtime.callsite.CallSiteArray.defaultCallConstructor(CallSiteArray.java:57)\r\n\tat org.codehaus.groovy.runtime.callsite.AbstractCallSite.callConstructor(AbstractCallSite.java:263)\r\n\tat org.codehaus.groovy.runtime.callsite.AbstractCallSite.callConstructor(AbstractCallSite.java:277)\r\n\tat io.restassured.internal.ResponseSpecificationImpl$HamcrestAssertionClosure.validate(ResponseSpecificationImpl.groovy:512)\r\n\tat io.restassured.internal.ResponseSpecificationImpl$HamcrestAssertionClosure$validate$1.call(Unknown Source)\r\n\tat org.codehaus.groovy.runtime.callsite.CallSiteArray.defaultCall(CallSiteArray.java:45)\r\n\tat org.codehaus.groovy.runtime.callsite.AbstractCallSite.call(AbstractCallSite.java:125)\r\n\tat org.codehaus.groovy.runtime.callsite.AbstractCallSite.call(AbstractCallSite.java:139)\r\n\tat io.restassured.internal.ResponseSpecificationImpl.validateResponseIfRequired(ResponseSpecificationImpl.groovy:696)\r\n\tat io.restassured.internal.ResponseSpecificationImpl.this$2$validateResponseIfRequired(ResponseSpecificationImpl.groovy)\r\n\tat java.base/jdk.internal.reflect.NativeMethodAccessorImpl.invoke0(Native Method)\r\n\tat java.base/jdk.internal.reflect.NativeMethodAccessorImpl.invoke(NativeMethodAccessorImpl.java:78)\r\n\tat java.base/jdk.internal.reflect.DelegatingMethodAccessorImpl.invoke(DelegatingMethodAccessorImpl.java:43)\r\n\tat java.base/java.lang.reflect.Method.invoke(Method.java:567)\r\n\tat org.codehaus.groovy.runtime.callsite.PlainObjectMetaMethodSite.doInvoke(PlainObjectMetaMethodSite.java:43)\r\n\tat org.codehaus.groovy.runtime.callsite.PogoMetaMethodSite$PogoCachedMethodSiteNoUnwrapNoCoerce.invoke(PogoMetaMethodSite.java:198)\r\n\tat org.codehaus.groovy.runtime.callsite.PogoMetaMethodSite.callCurrent(PogoMetaMethodSite.java:62)\r\n\tat org.codehaus.groovy.runtime.callsite.CallSiteArray.defaultCallCurrent(CallSiteArray.java:49)\r\n\tat org.codehaus.groovy.runtime.callsite.AbstractCallSite.callCurrent(AbstractCallSite.java:171)\r\n\tat org.codehaus.groovy.runtime.callsite.AbstractCallSite.callCurrent(AbstractCallSite.java:185)\r\n\tat io.restassured.internal.ResponseSpecificationImpl.body(ResponseSpecificationImpl.groovy:107)\r\n\tat io.restassured.internal.ValidatableResponseOptionsImpl.body(ValidatableResponseOptionsImpl.java:238)\r\n\tat AutoTest.PartnerTest.getBankAccountGuid(PartnerTest.java:441)\r\n\tat java.base/jdk.internal.reflect.NativeMethodAccessorImpl.invoke0(Native Method)\r\n\tat java.base/jdk.internal.reflect.NativeMethodAccessorImpl.invoke(NativeMethodAccessorImpl.java:78)\r\n\tat java.base/jdk.internal.reflect.DelegatingMethodAccessorImpl.invoke(DelegatingMethodAccessorImpl.java:43)\r\n\tat java.base/java.lang.reflect.Method.invoke(Method.java:567)\r\n\tat org.testng.internal.invokers.MethodInvocationHelper.invokeMethod(MethodInvocationHelper.java:139)\r\n\tat org.testng.internal.invokers.TestInvoker.invokeMethod(TestInvoker.java:677)\r\n\tat org.testng.internal.invokers.TestInvoker.invokeTestMethod(TestInvoker.java:221)\r\n\tat org.testng.internal.invokers.MethodRunner.runInSequence(MethodRunner.java:50)\r\n\tat org.testng.internal.invokers.TestInvoker$MethodInvocationAgent.invoke(TestInvoker.java:969)\r\n\tat org.testng.internal.invokers.TestInvoker.invokeTestMethods(TestInvoker.java:194)\r\n\tat org.testng.internal.invokers.TestMethodWorker.invokeTestMethods(TestMethodWorker.java:148)\r\n\tat org.testng.internal.invokers.TestMethodWorker.run(TestMethodWorker.java:128)\r\n\tat java.base/java.util.ArrayList.forEach(ArrayList.java:1511)\r\n\tat org.testng.TestRunner.privateRun(TestRunner.java:829)\r\n\tat org.testng.TestRunner.run(TestRunner.java:602)\r\n\tat org.testng.SuiteRunner.runTest(SuiteRunner.java:437)\r\n\tat org.testng.SuiteRunner.runSequentially(SuiteRunner.java:431)\r\n\tat org.testng.SuiteRunner.privateRun(SuiteRunner.java:391)\r\n\tat org.testng.SuiteRunner.run(SuiteRunner.java:330)\r\n\tat org.testng.SuiteRunnerWorker.runSuite(SuiteRunnerWorker.java:52)\r\n\tat org.testng.SuiteRunnerWorker.run(SuiteRunnerWorker.java:95)\r\n\tat org.testng.TestNG.runSuitesSequentially(TestNG.java:1256)\r\n\tat org.testng.TestNG.runSuitesLocally(TestNG.java:1176)\r\n\tat org.testng.TestNG.runSuites(TestNG.java:1099)\r\n\tat org.testng.TestNG.run(TestNG.java:1067)\r\n\tat com.intellij.rt.testng.IDEARemoteTestNG.run(IDEARemoteTestNG.java:66)\r\n\tat com.intellij.rt.testng.RemoteTestNGStarter.main(RemoteTestNGStarter.java:109)\r\n"},"stage":"finished","description":"Получение Bank Account по Гуид, валидация при помощи схемы Json","steps":[{"name":"Валидный Гуид","status":"failed","statusDetails":{"known":false,"muted":false,"flaky":false,"message":"1 expectation failed.\nResponse body doesn't match expectation.\nExpected: The content to match the given JSON schema.\nerror: string \"\" is too short (length: 0, required minimum: 9)\n    level: \"error\"\n    schema: {\"loadingURI\":\"file:/C:/Users/Sasha/Api/target/test-classes/getBankAccountGuid.json#\",\"pointer\":\"/properties/bankSettlementBic\"}\n    instance: {\"pointer\":\"/bankSettlementBic\"}\n    domain: \"validation\"\n    keyword: \"minLength\"\n    value: \"\"\n    found: 0\n    minLength: 9\nerror: string \"122\" is too short (length: 3, required minimum: 20)\n    level: \"error\"\n    schema: {\"loadingURI\":\"file:/C:/Users/Sasha/Api/target/test-classes/getBankAccountGuid.json#\",\"pointer\":\"/properties/number\"}\n    instance: {\"pointer\":\"/number\"}\n    domain: \"validation\"\n    keyword: \"minLength\"\n    value: \"122\"\n    found: 3\n    minLength: 20\n\n  Actual: {\r\n\"guid\": \"fe3562f8-8ebe-11ee-b5b1-005056013b0c\",\r\n\"partner\": \"d8708a4c-8a97-11ee-b5b1-005056013b0c\",\r\n\"type\": \"ebfeb736-895e-11ee-b5b1-005056013b0c\",\r\n\"typeName\": \"Тест1\",\r\n\"name\": \"Тест1, , \",\r\n\"number\": \"122\",\r\n\"currency\": \"f7f5d645-2df6-11e0-b48b-1cc1dee64484\",\r\n\"currencyCode\": \"643\",\r\n\"bank\": \"b6a7fb06-d09e-11e5-826c-605718cb5baa\",\r\n\"bankBic\": \"041909644\",\r\n\"bankSettlement\": \"00000000-0000-0000-0000-000000000000\",\r\n\"bankSettlementBic\": \"\",\r\n\"dateОpening\": \"0001-01-01T00:00:00Z\",\r\n\"dateClosing\": \"0001-01-01T00:00:00Z\"\r\n}\n","trace":"java.lang.AssertionError: 1 expectation failed.\nResponse body doesn't match expectation.\nExpected: The content to match the given JSON schema.\nerror: string \"\" is too short (length: 0, required minimum: 9)\n    level: \"error\"\n    schema: {\"loadingURI\":\"file:/C:/Users/Sasha/Api/target/test-classes/getBankAccountGuid.json#\",\"pointer\":\"/properties/bankSettlementBic\"}\n    instance: {\"pointer\":\"/bankSettlementBic\"}\n    domain: \"validation\"\n    keyword: \"minLength\"\n    value: \"\"\n    found: 0\n    minLength: 9\nerror: string \"122\" is too short (length: 3, required minimum: 20)\n    level: \"error\"\n    schema: {\"loadingURI\":\"file:/C:/Users/Sasha/Api/target/test-classes/getBankAccountGuid.json#\",\"pointer\":\"/properties/number\"}\n    instance: {\"pointer\":\"/number\"}\n    domain: \"validation\"\n    keyword: \"minLength\"\n    value: \"122\"\n    found: 3\n    minLength: 20\n\n  Actual: {\r\n\"guid\": \"fe3562f8-8ebe-11ee-b5b1-005056013b0c\",\r\n\"partner\": \"d8708a4c-8a97-11ee-b5b1-005056013b0c\",\r\n\"type\": \"ebfeb736-895e-11ee-b5b1-005056013b0c\",\r\n\"typeName\": \"Тест1\",\r\n\"name\": \"Тест1, , \",\r\n\"number\": \"122\",\r\n\"currency\": \"f7f5d645-2df6-11e0-b48b-1cc1dee64484\",\r\n\"currencyCode\": \"643\",\r\n\"bank\": \"b6a7fb06-d09e-11e5-826c-605718cb5baa\",\r\n\"bankBic\": \"041909644\",\r\n\"bankSettlement\": \"00000000-0000-0000-0000-000000000000\",\r\n\"bankSettlementBic\": \"\",\r\n\"dateОpening\": \"0001-01-01T00:00:00Z\",\r\n\"dateClosing\": \"0001-01-01T00:00:00Z\"\r\n}\n\r\n\tat java.base/jdk.internal.reflect.NativeConstructorAccessorImpl.newInstance0(Native Method)\r\n\tat java.base/jdk.internal.reflect.NativeConstructorAccessorImpl.newInstance(NativeConstructorAccessorImpl.java:78)\r\n\tat java.base/jdk.internal.reflect.DelegatingConstructorAccessorImpl.newInstance(DelegatingConstructorAccessorImpl.java:45)\r\n\tat java.base/java.lang.reflect.Constructor.newInstanceWithCaller(Constructor.java:499)\r\n\tat java.base/java.lang.reflect.Constructor.newInstance(Constructor.java:480)\r\n\tat org.codehaus.groovy.reflection.CachedConstructor.invoke(CachedConstructor.java:73)\r\n\tat org.codehaus.groovy.runtime.callsite.ConstructorSite$ConstructorSiteNoUnwrapNoCoerce.callConstructor(ConstructorSite.java:108)\r\n\tat org.codehaus.groovy.runtime.callsite.CallSiteArray.defaultCallConstructor(CallSiteArray.java:57)\r\n\tat org.codehaus.groovy.runtime.callsite.AbstractCallSite.callConstructor(AbstractCallSite.java:263)\r\n\tat org.codehaus.groovy.runtime.callsite.AbstractCallSite.callConstructor(AbstractCallSite.java:277)\r\n\tat io.restassured.internal.ResponseSpecificationImpl$HamcrestAssertionClosure.validate(ResponseSpecificationImpl.groovy:512)\r\n\tat io.restassured.internal.ResponseSpecificationImpl$HamcrestAssertionClosure$validate$1.call(Unknown Source)\r\n\tat org.codehaus.groovy.runtime.callsite.CallSiteArray.defaultCall(CallSiteArray.java:45)\r\n\tat org.codehaus.groovy.runtime.callsite.AbstractCallSite.call(AbstractCallSite.java:125)\r\n\tat org.codehaus.groovy.runtime.callsite.AbstractCallSite.call(AbstractCallSite.java:139)\r\n\tat io.restassured.internal.ResponseSpecificationImpl.validateResponseIfRequired(ResponseSpecificationImpl.groovy:696)\r\n\tat io.restassured.internal.ResponseSpecificationImpl.this$2$validateResponseIfRequired(ResponseSpecificationImpl.groovy)\r\n\tat java.base/jdk.internal.reflect.NativeMethodAccessorImpl.invoke0(Native Method)\r\n\tat java.base/jdk.internal.reflect.NativeMethodAccessorImpl.invoke(NativeMethodAccessorImpl.java:78)\r\n\tat java.base/jdk.internal.reflect.DelegatingMethodAccessorImpl.invoke(DelegatingMethodAccessorImpl.java:43)\r\n\tat java.base/java.lang.reflect.Method.invoke(Method.java:567)\r\n\tat org.codehaus.groovy.runtime.callsite.PlainObjectMetaMethodSite.doInvoke(PlainObjectMetaMethodSite.java:43)\r\n\tat org.codehaus.groovy.runtime.callsite.PogoMetaMethodSite$PogoCachedMethodSiteNoUnwrapNoCoerce.invoke(PogoMetaMethodSite.java:198)\r\n\tat org.codehaus.groovy.runtime.callsite.PogoMetaMethodSite.callCurrent(PogoMetaMethodSite.java:62)\r\n\tat org.codehaus.groovy.runtime.callsite.CallSiteArray.defaultCallCurrent(CallSiteArray.java:49)\r\n\tat org.codehaus.groovy.runtime.callsite.AbstractCallSite.callCurrent(AbstractCallSite.java:171)\r\n\tat org.codehaus.groovy.runtime.callsite.AbstractCallSite.callCurrent(AbstractCallSite.java:185)\r\n\tat io.restassured.internal.ResponseSpecificationImpl.body(ResponseSpecificationImpl.groovy:107)\r\n\tat io.restassured.internal.ValidatableResponseOptionsImpl.body(ValidatableResponseOptionsImpl.java:238)\r\n\tat AutoTest.PartnerTest.getBankAccountGuid(PartnerTest.java:441)\r\n\tat java.base/jdk.internal.reflect.NativeMethodAccessorImpl.invoke0(Native Method)\r\n\tat java.base/jdk.internal.reflect.NativeMethodAccessorImpl.invoke(NativeMethodAccessorImpl.java:78)\r\n\tat java.base/jdk.internal.reflect.DelegatingMethodAccessorImpl.invoke(DelegatingMethodAccessorImpl.java:43)\r\n\tat java.base/java.lang.reflect.Method.invoke(Method.java:567)\r\n\tat org.testng.internal.invokers.MethodInvocationHelper.invokeMethod(MethodInvocationHelper.java:139)\r\n\tat org.testng.internal.invokers.TestInvoker.invokeMethod(TestInvoker.java:677)\r\n\tat org.testng.internal.invokers.TestInvoker.invokeTestMethod(TestInvoker.java:221)\r\n\tat org.testng.internal.invokers.MethodRunner.runInSequence(MethodRunner.java:50)\r\n\tat org.testng.internal.invokers.TestInvoker$MethodInvocationAgent.invoke(TestInvoker.java:969)\r\n\tat org.testng.internal.invokers.TestInvoker.invokeTestMethods(TestInvoker.java:194)\r\n\tat org.testng.internal.invokers.TestMethodWorker.invokeTestMethods(TestMethodWorker.java:148)\r\n\tat org.testng.internal.invokers.TestMethodWorker.run(TestMethodWorker.java:128)\r\n\tat java.base/java.util.ArrayList.forEach(ArrayList.java:1511)\r\n\tat org.testng.TestRunner.privateRun(TestRunner.java:829)\r\n\tat org.testng.TestRunner.run(TestRunner.java:602)\r\n\tat org.testng.SuiteRunner.runTest(SuiteRunner.java:437)\r\n\tat org.testng.SuiteRunner.runSequentially(SuiteRunner.java:431)\r\n\tat org.testng.SuiteRunner.privateRun(SuiteRunner.java:391)\r\n\tat org.testng.SuiteRunner.run(SuiteRunner.java:330)\r\n\tat org.testng.SuiteRunnerWorker.runSuite(SuiteRunnerWorker.java:52)\r\n\tat org.testng.SuiteRunnerWorker.run(SuiteRunnerWorker.java:95)\r\n\tat org.testng.TestNG.runSuitesSequentially(TestNG.java:1256)\r\n\tat org.testng.TestNG.runSuitesLocally(TestNG.java:1176)\r\n\tat org.testng.TestNG.runSuites(TestNG.java:1099)\r\n\tat org.testng.TestNG.run(TestNG.java:1067)\r\n\tat com.intellij.rt.testng.IDEARemoteTestNG.run(IDEARemoteTestNG.java:66)\r\n\tat com.intellij.rt.testng.RemoteTestNGStarter.main(RemoteTestNGStarter.java:109)\r\n"},"stage":"finished","steps":[],"attachments":[],"parameters":[],"start":1702045228063,"stop":1702045230582}],"attachments":[],"parameters":[],"start":1702045228049,"stop":1702045230586}